{"C:\\Users\\Fedex\\OneDrive\\Escritorio\\Tesis\\TesisFront\\TesisFront\\src\\App.jsx": {"path":"C:\\Users\\Fedex\\OneDrive\\Escritorio\\Tesis\\TesisFront\\TesisFront\\src\\App.jsx","statementMap":{"0":{"start":{"line":16,"column":48},"end":{"line":18,"column":4}},"1":{"start":{"line":17,"column":4},"end":{"line":17,"column":64}},"2":{"start":{"line":20,"column":34},"end":{"line":23,"column":4}},"3":{"start":{"line":21,"column":22},"end":{"line":21,"column":56}},"4":{"start":{"line":22,"column":4},"end":{"line":22,"column":52}},"5":{"start":{"line":25,"column":28},"end":{"line":27,"column":4}},"6":{"start":{"line":26,"column":4},"end":{"line":26,"column":54}},"7":{"start":{"line":29,"column":36},"end":{"line":29,"column":48}},"8":{"start":{"line":31,"column":22},"end":{"line":41,"column":3}},"9":{"start":{"line":32,"column":4},"end":{"line":32,"column":29}},"10":{"start":{"line":33,"column":4},"end":{"line":33,"column":22}},"11":{"start":{"line":34,"column":4},"end":{"line":34,"column":35}},"12":{"start":{"line":36,"column":4},"end":{"line":36,"column":54}},"13":{"start":{"line":37,"column":4},"end":{"line":37,"column":61}},"14":{"start":{"line":38,"column":4},"end":{"line":38,"column":66}},"15":{"start":{"line":39,"column":4},"end":{"line":39,"column":70}},"16":{"start":{"line":39,"column":21},"end":{"line":39,"column":70}},"17":{"start":{"line":43,"column":23},"end":{"line":49,"column":3}},"18":{"start":{"line":44,"column":4},"end":{"line":44,"column":30}},"19":{"start":{"line":45,"column":4},"end":{"line":45,"column":22}},"20":{"start":{"line":46,"column":4},"end":{"line":46,"column":21}},"21":{"start":{"line":47,"column":4},"end":{"line":47,"column":20}},"22":{"start":{"line":48,"column":4},"end":{"line":48,"column":27}},"23":{"start":{"line":51,"column":25},"end":{"line":55,"column":3}},"24":{"start":{"line":52,"column":4},"end":{"line":52,"column":66}},"25":{"start":{"line":52,"column":26},"end":{"line":52,"column":66}},"26":{"start":{"line":53,"column":4},"end":{"line":53,"column":72}},"27":{"start":{"line":53,"column":32},"end":{"line":53,"column":72}},"28":{"start":{"line":54,"column":4},"end":{"line":54,"column":20}},"29":{"start":{"line":57,"column":2},"end":{"line":79,"column":4}}},"fnMap":{"0":{"name":"App","decl":{"start":{"line":15,"column":9},"end":{"line":15,"column":12}},"loc":{"start":{"line":15,"column":15},"end":{"line":80,"column":1}},"line":15},"1":{"name":"(anonymous_1)","decl":{"start":{"line":16,"column":57},"end":{"line":16,"column":58}},"loc":{"start":{"line":16,"column":63},"end":{"line":18,"column":3}},"line":16},"2":{"name":"(anonymous_2)","decl":{"start":{"line":20,"column":43},"end":{"line":20,"column":44}},"loc":{"start":{"line":20,"column":49},"end":{"line":23,"column":3}},"line":20},"3":{"name":"(anonymous_3)","decl":{"start":{"line":25,"column":37},"end":{"line":25,"column":38}},"loc":{"start":{"line":25,"column":43},"end":{"line":27,"column":3}},"line":25},"4":{"name":"(anonymous_4)","decl":{"start":{"line":31,"column":22},"end":{"line":31,"column":23}},"loc":{"start":{"line":31,"column":38},"end":{"line":41,"column":3}},"line":31},"5":{"name":"(anonymous_5)","decl":{"start":{"line":43,"column":23},"end":{"line":43,"column":24}},"loc":{"start":{"line":43,"column":29},"end":{"line":49,"column":3}},"line":43},"6":{"name":"(anonymous_6)","decl":{"start":{"line":51,"column":25},"end":{"line":51,"column":26}},"loc":{"start":{"line":51,"column":65},"end":{"line":55,"column":3}},"line":51}},"branchMap":{"0":{"loc":{"start":{"line":22,"column":11},"end":{"line":22,"column":51}},"type":"cond-expr","locations":[{"start":{"line":22,"column":23},"end":{"line":22,"column":44}},{"start":{"line":22,"column":47},"end":{"line":22,"column":51}}],"line":22},"1":{"loc":{"start":{"line":39,"column":4},"end":{"line":39,"column":70}},"type":"if","locations":[{"start":{"line":39,"column":4},"end":{"line":39,"column":70}},{"start":{},"end":{}}],"line":39},"2":{"loc":{"start":{"line":51,"column":38},"end":{"line":51,"column":58}},"type":"default-arg","locations":[{"start":{"line":51,"column":53},"end":{"line":51,"column":58}}],"line":51},"3":{"loc":{"start":{"line":52,"column":4},"end":{"line":52,"column":66}},"type":"if","locations":[{"start":{"line":52,"column":4},"end":{"line":52,"column":66}},{"start":{},"end":{}}],"line":52},"4":{"loc":{"start":{"line":53,"column":4},"end":{"line":53,"column":72}},"type":"if","locations":[{"start":{"line":53,"column":4},"end":{"line":53,"column":72}},{"start":{},"end":{}}],"line":53},"5":{"loc":{"start":{"line":53,"column":8},"end":{"line":53,"column":30}},"type":"binary-expr","locations":[{"start":{"line":53,"column":8},"end":{"line":53,"column":20}},{"start":{"line":53,"column":24},"end":{"line":53,"column":30}}],"line":53},"6":{"loc":{"start":{"line":64,"column":9},"end":{"line":76,"column":9}},"type":"cond-expr","locations":[{"start":{"line":65,"column":10},"end":{"line":73,"column":13}},{"start":{"line":75,"column":10},"end":{"line":75,"column":71}}],"line":64},"7":{"loc":{"start":{"line":69,"column":42},"end":{"line":69,"column":278}},"type":"cond-expr","locations":[{"start":{"line":69,"column":69},"end":{"line":69,"column":243}},{"start":{"line":69,"column":246},"end":{"line":69,"column":278}}],"line":69},"8":{"loc":{"start":{"line":69,"column":42},"end":{"line":69,"column":66}},"type":"binary-expr","locations":[{"start":{"line":69,"column":42},"end":{"line":69,"column":57}},{"start":{"line":69,"column":61},"end":{"line":69,"column":66}}],"line":69}},"s":{"0":0,"1":0,"2":0,"3":0,"4":0,"5":0,"6":0,"7":0,"8":0,"9":0,"10":0,"11":0,"12":0,"13":0,"14":0,"15":0,"16":0,"17":0,"18":0,"19":0,"20":0,"21":0,"22":0,"23":0,"24":0,"25":0,"26":0,"27":0,"28":0,"29":0},"f":{"0":0,"1":0,"2":0,"3":0,"4":0,"5":0,"6":0},"b":{"0":[0,0],"1":[0,0],"2":[0],"3":[0,0],"4":[0,0],"5":[0,0],"6":[0,0],"7":[0,0],"8":[0,0]}}
,"C:\\Users\\Fedex\\OneDrive\\Escritorio\\Tesis\\TesisFront\\TesisFront\\src\\UserContext.js": {"path":"C:\\Users\\Fedex\\OneDrive\\Escritorio\\Tesis\\TesisFront\\TesisFront\\src\\UserContext.js","statementMap":{"0":{"start":{"line":3,"column":20},"end":{"line":3,"column":35}},"1":{"start":{"line":5,"column":28},"end":{"line":13,"column":1}},"2":{"start":{"line":6,"column":28},"end":{"line":6,"column":42}},"3":{"start":{"line":8,"column":4},"end":{"line":12,"column":6}},"4":{"start":{"line":15,"column":23},"end":{"line":15,"column":52}},"5":{"start":{"line":15,"column":29},"end":{"line":15,"column":52}}},"fnMap":{"0":{"name":"(anonymous_0)","decl":{"start":{"line":5,"column":28},"end":{"line":5,"column":29}},"loc":{"start":{"line":5,"column":46},"end":{"line":13,"column":1}},"line":5},"1":{"name":"(anonymous_1)","decl":{"start":{"line":15,"column":23},"end":{"line":15,"column":24}},"loc":{"start":{"line":15,"column":29},"end":{"line":15,"column":52}},"line":15}},"branchMap":{},"s":{"0":0,"1":0,"2":0,"3":0,"4":0,"5":0},"f":{"0":0,"1":0},"b":{}}
,"C:\\Users\\Fedex\\OneDrive\\Escritorio\\Tesis\\TesisFront\\TesisFront\\src\\index.js": {"path":"C:\\Users\\Fedex\\OneDrive\\Escritorio\\Tesis\\TesisFront\\TesisFront\\src\\index.js","statementMap":{"0":{"start":{"line":7,"column":13},"end":{"line":7,"column":65}},"1":{"start":{"line":8,"column":0},"end":{"line":12,"column":2}},"2":{"start":{"line":17,"column":0},"end":{"line":17,"column":18}}},"fnMap":{},"branchMap":{},"s":{"0":0,"1":0,"2":0},"f":{},"b":{}}
,"C:\\Users\\Fedex\\OneDrive\\Escritorio\\Tesis\\TesisFront\\TesisFront\\src\\reportWebVitals.js": {"path":"C:\\Users\\Fedex\\OneDrive\\Escritorio\\Tesis\\TesisFront\\TesisFront\\src\\reportWebVitals.js","statementMap":{"0":{"start":{"line":1,"column":24},"end":{"line":11,"column":1}},"1":{"start":{"line":2,"column":2},"end":{"line":10,"column":3}},"2":{"start":{"line":3,"column":4},"end":{"line":9,"column":7}},"3":{"start":{"line":4,"column":6},"end":{"line":4,"column":26}},"4":{"start":{"line":5,"column":6},"end":{"line":5,"column":26}},"5":{"start":{"line":6,"column":6},"end":{"line":6,"column":26}},"6":{"start":{"line":7,"column":6},"end":{"line":7,"column":26}},"7":{"start":{"line":8,"column":6},"end":{"line":8,"column":27}}},"fnMap":{"0":{"name":"(anonymous_0)","decl":{"start":{"line":1,"column":24},"end":{"line":1,"column":25}},"loc":{"start":{"line":1,"column":39},"end":{"line":11,"column":1}},"line":1},"1":{"name":"(anonymous_1)","decl":{"start":{"line":3,"column":30},"end":{"line":3,"column":31}},"loc":{"start":{"line":3,"column":79},"end":{"line":9,"column":5}},"line":3}},"branchMap":{"0":{"loc":{"start":{"line":2,"column":2},"end":{"line":10,"column":3}},"type":"if","locations":[{"start":{"line":2,"column":2},"end":{"line":10,"column":3}},{"start":{},"end":{}}],"line":2},"1":{"loc":{"start":{"line":2,"column":6},"end":{"line":2,"column":52}},"type":"binary-expr","locations":[{"start":{"line":2,"column":6},"end":{"line":2,"column":17}},{"start":{"line":2,"column":21},"end":{"line":2,"column":52}}],"line":2}},"s":{"0":0,"1":0,"2":0,"3":0,"4":0,"5":0,"6":0,"7":0},"f":{"0":0,"1":0},"b":{"0":[0,0],"1":[0,0]}}
,"C:\\Users\\Fedex\\OneDrive\\Escritorio\\Tesis\\TesisFront\\TesisFront\\src\\components\\auth\\Login.jsx": {"path":"C:\\Users\\Fedex\\OneDrive\\Escritorio\\Tesis\\TesisFront\\TesisFront\\src\\components\\auth\\Login.jsx","statementMap":{"0":{"start":{"line":14,"column":30},"end":{"line":14,"column":42}},"1":{"start":{"line":15,"column":28},"end":{"line":15,"column":40}},"2":{"start":{"line":16,"column":18},"end":{"line":16,"column":30}},"3":{"start":{"line":17,"column":21},"end":{"line":17,"column":34}},"4":{"start":{"line":19,"column":24},"end":{"line":101,"column":5}},"5":{"start":{"line":20,"column":8},"end":{"line":20,"column":27}},"6":{"start":{"line":21,"column":29},"end":{"line":21,"column":55}},"7":{"start":{"line":22,"column":8},"end":{"line":22,"column":31}},"8":{"start":{"line":23,"column":8},"end":{"line":31,"column":9}},"9":{"start":{"line":24,"column":12},"end":{"line":29,"column":15}},"10":{"start":{"line":30,"column":12},"end":{"line":30,"column":19}},"11":{"start":{"line":32,"column":8},"end":{"line":40,"column":9}},"12":{"start":{"line":33,"column":12},"end":{"line":38,"column":15}},"13":{"start":{"line":39,"column":12},"end":{"line":39,"column":19}},"14":{"start":{"line":41,"column":8},"end":{"line":100,"column":9}},"15":{"start":{"line":42,"column":25},"end":{"line":45,"column":14}},"16":{"start":{"line":46,"column":12},"end":{"line":54,"column":13}},"17":{"start":{"line":47,"column":16},"end":{"line":52,"column":19}},"18":{"start":{"line":53,"column":16},"end":{"line":53,"column":23}},"19":{"start":{"line":57,"column":12},"end":{"line":57,"column":61}},"20":{"start":{"line":58,"column":12},"end":{"line":58,"column":71}},"21":{"start":{"line":59,"column":27},"end":{"line":59,"column":48}},"22":{"start":{"line":60,"column":25},"end":{"line":66,"column":13}},"23":{"start":{"line":68,"column":12},"end":{"line":68,"column":62}},"24":{"start":{"line":69,"column":12},"end":{"line":69,"column":69}},"25":{"start":{"line":71,"column":12},"end":{"line":71,"column":26}},"26":{"start":{"line":72,"column":12},"end":{"line":77,"column":15}},"27":{"start":{"line":78,"column":12},"end":{"line":78,"column":25}},"28":{"start":{"line":79,"column":12},"end":{"line":79,"column":24}},"29":{"start":{"line":80,"column":12},"end":{"line":80,"column":30}},"30":{"start":{"line":82,"column":12},"end":{"line":82,"column":43}},"31":{"start":{"line":83,"column":33},"end":{"line":83,"column":64}},"32":{"start":{"line":84,"column":12},"end":{"line":99,"column":13}},"33":{"start":{"line":85,"column":16},"end":{"line":90,"column":19}},"34":{"start":{"line":91,"column":16},"end":{"line":91,"column":58}},"35":{"start":{"line":93,"column":16},"end":{"line":98,"column":19}},"36":{"start":{"line":104,"column":4},"end":{"line":169,"column":6}},"37":{"start":{"line":128,"column":49},"end":{"line":128,"column":73}},"38":{"start":{"line":139,"column":49},"end":{"line":139,"column":72}}},"fnMap":{"0":{"name":"Login","decl":{"start":{"line":13,"column":9},"end":{"line":13,"column":14}},"loc":{"start":{"line":13,"column":28},"end":{"line":170,"column":1}},"line":13},"1":{"name":"(anonymous_1)","decl":{"start":{"line":19,"column":24},"end":{"line":19,"column":25}},"loc":{"start":{"line":19,"column":37},"end":{"line":101,"column":5}},"line":19},"2":{"name":"(anonymous_2)","decl":{"start":{"line":128,"column":42},"end":{"line":128,"column":43}},"loc":{"start":{"line":128,"column":49},"end":{"line":128,"column":73}},"line":128},"3":{"name":"(anonymous_3)","decl":{"start":{"line":139,"column":42},"end":{"line":139,"column":43}},"loc":{"start":{"line":139,"column":49},"end":{"line":139,"column":72}},"line":139}},"branchMap":{"0":{"loc":{"start":{"line":23,"column":8},"end":{"line":31,"column":9}},"type":"if","locations":[{"start":{"line":23,"column":8},"end":{"line":31,"column":9}},{"start":{},"end":{}}],"line":23},"1":{"loc":{"start":{"line":23,"column":12},"end":{"line":23,"column":34}},"type":"binary-expr","locations":[{"start":{"line":23,"column":12},"end":{"line":23,"column":25}},{"start":{"line":23,"column":29},"end":{"line":23,"column":34}}],"line":23},"2":{"loc":{"start":{"line":32,"column":8},"end":{"line":40,"column":9}},"type":"if","locations":[{"start":{"line":32,"column":8},"end":{"line":40,"column":9}},{"start":{},"end":{}}],"line":32},"3":{"loc":{"start":{"line":46,"column":12},"end":{"line":54,"column":13}},"type":"if","locations":[{"start":{"line":46,"column":12},"end":{"line":54,"column":13}},{"start":{},"end":{}}],"line":46},"4":{"loc":{"start":{"line":61,"column":20},"end":{"line":61,"column":48}},"type":"binary-expr","locations":[{"start":{"line":61,"column":20},"end":{"line":61,"column":34}},{"start":{"line":61,"column":38},"end":{"line":61,"column":48}}],"line":61},"5":{"loc":{"start":{"line":62,"column":24},"end":{"line":62,"column":53}},"type":"binary-expr","locations":[{"start":{"line":62,"column":24},"end":{"line":62,"column":38}},{"start":{"line":62,"column":42},"end":{"line":62,"column":53}}],"line":62},"6":{"loc":{"start":{"line":83,"column":33},"end":{"line":83,"column":64}},"type":"binary-expr","locations":[{"start":{"line":83,"column":33},"end":{"line":83,"column":46}},{"start":{"line":83,"column":50},"end":{"line":83,"column":64}}],"line":83},"7":{"loc":{"start":{"line":84,"column":12},"end":{"line":99,"column":13}},"type":"if","locations":[{"start":{"line":84,"column":12},"end":{"line":99,"column":13}},{"start":{"line":92,"column":19},"end":{"line":99,"column":13}}],"line":84},"8":{"loc":{"start":{"line":149,"column":38},"end":{"line":149,"column":53}},"type":"binary-expr","locations":[{"start":{"line":149,"column":38},"end":{"line":149,"column":44}},{"start":{"line":149,"column":48},"end":{"line":149,"column":53}}],"line":149}},"s":{"0":76,"1":76,"2":76,"3":76,"4":76,"5":14,"6":14,"7":14,"8":14,"9":0,"10":0,"11":14,"12":0,"13":0,"14":14,"15":14,"16":10,"17":2,"18":2,"19":8,"20":8,"21":8,"22":8,"23":8,"24":8,"25":8,"26":8,"27":8,"28":8,"29":8,"30":4,"31":4,"32":4,"33":2,"34":2,"35":2,"36":76,"37":16,"38":16},"f":{"0":76,"1":14,"2":16,"3":16},"b":{"0":[0,14],"1":[14,14],"2":[0,14],"3":[2,8],"4":[8,0],"5":[8,0],"6":[4,0],"7":[2,2],"8":[76,46]},"_coverageSchema":"1a1c01bbd47fc00a2c39e90264f33305004495a9","hash":"32a42db7709ec616ae0ba1ad342f37673d79673e"}
,"C:\\Users\\Fedex\\OneDrive\\Escritorio\\Tesis\\TesisFront\\TesisFront\\src\\components\\auth\\Register.jsx": {"path":"C:\\Users\\Fedex\\OneDrive\\Escritorio\\Tesis\\TesisFront\\TesisFront\\src\\components\\auth\\Register.jsx","statementMap":{"0":{"start":{"line":11,"column":34},"end":{"line":19,"column":4}},"1":{"start":{"line":20,"column":16},"end":{"line":20,"column":28}},"2":{"start":{"line":21,"column":19},"end":{"line":21,"column":32}},"3":{"start":{"line":23,"column":23},"end":{"line":29,"column":3}},"4":{"start":{"line":24,"column":28},"end":{"line":24,"column":36}},"5":{"start":{"line":25,"column":4},"end":{"line":28,"column":8}},"6":{"start":{"line":25,"column":27},"end":{"line":28,"column":5}},"7":{"start":{"line":31,"column":23},"end":{"line":152,"column":3}},"8":{"start":{"line":32,"column":4},"end":{"line":32,"column":23}},"9":{"start":{"line":34,"column":73},"end":{"line":34,"column":81}},"10":{"start":{"line":36,"column":4},"end":{"line":43,"column":5}},"11":{"start":{"line":37,"column":6},"end":{"line":41,"column":9}},"12":{"start":{"line":42,"column":6},"end":{"line":42,"column":13}},"13":{"start":{"line":46,"column":22},"end":{"line":46,"column":37}},"14":{"start":{"line":47,"column":4},"end":{"line":55,"column":5}},"15":{"start":{"line":48,"column":6},"end":{"line":53,"column":9}},"16":{"start":{"line":54,"column":6},"end":{"line":54,"column":13}},"17":{"start":{"line":56,"column":4},"end":{"line":64,"column":5}},"18":{"start":{"line":57,"column":6},"end":{"line":62,"column":9}},"19":{"start":{"line":63,"column":6},"end":{"line":63,"column":13}},"20":{"start":{"line":66,"column":24},"end":{"line":66,"column":34}},"21":{"start":{"line":67,"column":4},"end":{"line":75,"column":5}},"22":{"start":{"line":68,"column":6},"end":{"line":73,"column":9}},"23":{"start":{"line":74,"column":6},"end":{"line":74,"column":13}},"24":{"start":{"line":76,"column":4},"end":{"line":84,"column":5}},"25":{"start":{"line":77,"column":6},"end":{"line":82,"column":9}},"26":{"start":{"line":83,"column":6},"end":{"line":83,"column":13}},"27":{"start":{"line":86,"column":4},"end":{"line":94,"column":5}},"28":{"start":{"line":87,"column":6},"end":{"line":92,"column":9}},"29":{"start":{"line":93,"column":6},"end":{"line":93,"column":13}},"30":{"start":{"line":96,"column":22},"end":{"line":96,"column":75}},"31":{"start":{"line":97,"column":4},"end":{"line":105,"column":5}},"32":{"start":{"line":98,"column":6},"end":{"line":103,"column":9}},"33":{"start":{"line":104,"column":6},"end":{"line":104,"column":13}},"34":{"start":{"line":107,"column":21},"end":{"line":115,"column":5}},"35":{"start":{"line":117,"column":4},"end":{"line":151,"column":5}},"36":{"start":{"line":118,"column":23},"end":{"line":124,"column":8}},"37":{"start":{"line":126,"column":6},"end":{"line":142,"column":7}},"38":{"start":{"line":127,"column":8},"end":{"line":132,"column":11}},"39":{"start":{"line":133,"column":8},"end":{"line":133,"column":27}},"40":{"start":{"line":135,"column":26},"end":{"line":135,"column":47}},"41":{"start":{"line":136,"column":8},"end":{"line":141,"column":11}},"42":{"start":{"line":144,"column":6},"end":{"line":144,"column":65}},"43":{"start":{"line":145,"column":6},"end":{"line":150,"column":9}},"44":{"start":{"line":154,"column":2},"end":{"line":252,"column":4}}},"fnMap":{"0":{"name":"Register","decl":{"start":{"line":10,"column":9},"end":{"line":10,"column":17}},"loc":{"start":{"line":10,"column":20},"end":{"line":253,"column":1}},"line":10},"1":{"name":"(anonymous_1)","decl":{"start":{"line":23,"column":23},"end":{"line":23,"column":24}},"loc":{"start":{"line":23,"column":30},"end":{"line":29,"column":3}},"line":23},"2":{"name":"(anonymous_2)","decl":{"start":{"line":25,"column":16},"end":{"line":25,"column":17}},"loc":{"start":{"line":25,"column":27},"end":{"line":28,"column":5}},"line":25},"3":{"name":"(anonymous_3)","decl":{"start":{"line":31,"column":23},"end":{"line":31,"column":24}},"loc":{"start":{"line":31,"column":36},"end":{"line":152,"column":3}},"line":31}},"branchMap":{"0":{"loc":{"start":{"line":36,"column":4},"end":{"line":43,"column":5}},"type":"if","locations":[{"start":{"line":36,"column":4},"end":{"line":43,"column":5}},{"start":{},"end":{}}],"line":36},"1":{"loc":{"start":{"line":36,"column":8},"end":{"line":36,"column":83}},"type":"binary-expr","locations":[{"start":{"line":36,"column":8},"end":{"line":36,"column":15}},{"start":{"line":36,"column":19},"end":{"line":36,"column":28}},{"start":{"line":36,"column":32},"end":{"line":36,"column":39}},{"start":{"line":36,"column":43},"end":{"line":36,"column":51}},{"start":{"line":36,"column":55},"end":{"line":36,"column":61}},{"start":{"line":36,"column":65},"end":{"line":36,"column":74}},{"start":{"line":36,"column":78},"end":{"line":36,"column":83}}],"line":36},"2":{"loc":{"start":{"line":47,"column":4},"end":{"line":55,"column":5}},"type":"if","locations":[{"start":{"line":47,"column":4},"end":{"line":55,"column":5}},{"start":{},"end":{}}],"line":47},"3":{"loc":{"start":{"line":56,"column":4},"end":{"line":64,"column":5}},"type":"if","locations":[{"start":{"line":56,"column":4},"end":{"line":64,"column":5}},{"start":{},"end":{}}],"line":56},"4":{"loc":{"start":{"line":67,"column":4},"end":{"line":75,"column":5}},"type":"if","locations":[{"start":{"line":67,"column":4},"end":{"line":75,"column":5}},{"start":{},"end":{}}],"line":67},"5":{"loc":{"start":{"line":76,"column":4},"end":{"line":84,"column":5}},"type":"if","locations":[{"start":{"line":76,"column":4},"end":{"line":84,"column":5}},{"start":{},"end":{}}],"line":76},"6":{"loc":{"start":{"line":86,"column":4},"end":{"line":94,"column":5}},"type":"if","locations":[{"start":{"line":86,"column":4},"end":{"line":94,"column":5}},{"start":{},"end":{}}],"line":86},"7":{"loc":{"start":{"line":97,"column":4},"end":{"line":105,"column":5}},"type":"if","locations":[{"start":{"line":97,"column":4},"end":{"line":105,"column":5}},{"start":{},"end":{}}],"line":97},"8":{"loc":{"start":{"line":126,"column":6},"end":{"line":142,"column":7}},"type":"if","locations":[{"start":{"line":126,"column":6},"end":{"line":142,"column":7}},{"start":{"line":134,"column":13},"end":{"line":142,"column":7}}],"line":126},"9":{"loc":{"start":{"line":139,"column":18},"end":{"line":139,"column":62}},"type":"binary-expr","locations":[{"start":{"line":139,"column":18},"end":{"line":139,"column":27}},{"start":{"line":139,"column":31},"end":{"line":139,"column":62}}],"line":139}},"s":{"0":0,"1":0,"2":0,"3":0,"4":0,"5":0,"6":0,"7":0,"8":0,"9":0,"10":0,"11":0,"12":0,"13":0,"14":0,"15":0,"16":0,"17":0,"18":0,"19":0,"20":0,"21":0,"22":0,"23":0,"24":0,"25":0,"26":0,"27":0,"28":0,"29":0,"30":0,"31":0,"32":0,"33":0,"34":0,"35":0,"36":0,"37":0,"38":0,"39":0,"40":0,"41":0,"42":0,"43":0,"44":0},"f":{"0":0,"1":0,"2":0,"3":0},"b":{"0":[0,0],"1":[0,0,0,0,0,0,0],"2":[0,0],"3":[0,0],"4":[0,0],"5":[0,0],"6":[0,0],"7":[0,0],"8":[0,0],"9":[0,0]}}
,"C:\\Users\\Fedex\\OneDrive\\Escritorio\\Tesis\\TesisFront\\TesisFront\\src\\components\\auth\\Verify.jsx": {"path":"C:\\Users\\Fedex\\OneDrive\\Escritorio\\Tesis\\TesisFront\\TesisFront\\src\\components\\auth\\Verify.jsx","statementMap":{"0":{"start":{"line":11,"column":30},"end":{"line":11,"column":42}},"1":{"start":{"line":12,"column":28},"end":{"line":12,"column":40}},"2":{"start":{"line":13,"column":48},"end":{"line":13,"column":63}},"3":{"start":{"line":14,"column":18},"end":{"line":14,"column":30}},"4":{"start":{"line":15,"column":21},"end":{"line":15,"column":34}},"5":{"start":{"line":16,"column":21},"end":{"line":16,"column":34}},"6":{"start":{"line":18,"column":4},"end":{"line":23,"column":19}},"7":{"start":{"line":19,"column":27},"end":{"line":19,"column":48}},"8":{"start":{"line":20,"column":8},"end":{"line":22,"column":9}},"9":{"start":{"line":21,"column":12},"end":{"line":21,"column":33}},"10":{"start":{"line":25,"column":25},"end":{"line":68,"column":5}},"11":{"start":{"line":26,"column":29},"end":{"line":26,"column":55}},"12":{"start":{"line":27,"column":8},"end":{"line":27,"column":31}},"13":{"start":{"line":28,"column":8},"end":{"line":36,"column":9}},"14":{"start":{"line":29,"column":12},"end":{"line":34,"column":15}},"15":{"start":{"line":35,"column":12},"end":{"line":35,"column":19}},"16":{"start":{"line":38,"column":8},"end":{"line":46,"column":9}},"17":{"start":{"line":39,"column":12},"end":{"line":44,"column":15}},"18":{"start":{"line":45,"column":12},"end":{"line":45,"column":19}},"19":{"start":{"line":48,"column":8},"end":{"line":67,"column":9}},"20":{"start":{"line":49,"column":12},"end":{"line":52,"column":15}},"21":{"start":{"line":53,"column":12},"end":{"line":58,"column":15}},"22":{"start":{"line":59,"column":12},"end":{"line":59,"column":31}},"23":{"start":{"line":61,"column":12},"end":{"line":66,"column":15}},"24":{"start":{"line":70,"column":25},"end":{"line":101,"column":5}},"25":{"start":{"line":71,"column":8},"end":{"line":79,"column":9}},"26":{"start":{"line":72,"column":12},"end":{"line":77,"column":15}},"27":{"start":{"line":78,"column":12},"end":{"line":78,"column":19}},"28":{"start":{"line":80,"column":8},"end":{"line":80,"column":32}},"29":{"start":{"line":81,"column":8},"end":{"line":99,"column":9}},"30":{"start":{"line":82,"column":12},"end":{"line":85,"column":15}},"31":{"start":{"line":86,"column":12},"end":{"line":91,"column":15}},"32":{"start":{"line":93,"column":12},"end":{"line":98,"column":15}},"33":{"start":{"line":100,"column":8},"end":{"line":100,"column":58}},"34":{"start":{"line":100,"column":25},"end":{"line":100,"column":49}},"35":{"start":{"line":103,"column":4},"end":{"line":149,"column":6}},"36":{"start":{"line":113,"column":41},"end":{"line":113,"column":65}},"37":{"start":{"line":123,"column":41},"end":{"line":123,"column":64}},"38":{"start":{"line":143,"column":43},"end":{"line":143,"column":61}}},"fnMap":{"0":{"name":"Verify","decl":{"start":{"line":10,"column":24},"end":{"line":10,"column":30}},"loc":{"start":{"line":10,"column":33},"end":{"line":150,"column":1}},"line":10},"1":{"name":"(anonymous_1)","decl":{"start":{"line":18,"column":14},"end":{"line":18,"column":15}},"loc":{"start":{"line":18,"column":20},"end":{"line":23,"column":5}},"line":18},"2":{"name":"(anonymous_2)","decl":{"start":{"line":25,"column":25},"end":{"line":25,"column":26}},"loc":{"start":{"line":25,"column":37},"end":{"line":68,"column":5}},"line":25},"3":{"name":"(anonymous_3)","decl":{"start":{"line":70,"column":25},"end":{"line":70,"column":26}},"loc":{"start":{"line":70,"column":37},"end":{"line":101,"column":5}},"line":70},"4":{"name":"(anonymous_4)","decl":{"start":{"line":100,"column":19},"end":{"line":100,"column":20}},"loc":{"start":{"line":100,"column":25},"end":{"line":100,"column":49}},"line":100},"5":{"name":"(anonymous_5)","decl":{"start":{"line":113,"column":34},"end":{"line":113,"column":35}},"loc":{"start":{"line":113,"column":41},"end":{"line":113,"column":65}},"line":113},"6":{"name":"(anonymous_6)","decl":{"start":{"line":123,"column":34},"end":{"line":123,"column":35}},"loc":{"start":{"line":123,"column":41},"end":{"line":123,"column":64}},"line":123},"7":{"name":"(anonymous_7)","decl":{"start":{"line":143,"column":37},"end":{"line":143,"column":38}},"loc":{"start":{"line":143,"column":43},"end":{"line":143,"column":61}},"line":143}},"branchMap":{"0":{"loc":{"start":{"line":20,"column":8},"end":{"line":22,"column":9}},"type":"if","locations":[{"start":{"line":20,"column":8},"end":{"line":22,"column":9}},{"start":{},"end":{}}],"line":20},"1":{"loc":{"start":{"line":28,"column":8},"end":{"line":36,"column":9}},"type":"if","locations":[{"start":{"line":28,"column":8},"end":{"line":36,"column":9}},{"start":{},"end":{}}],"line":28},"2":{"loc":{"start":{"line":28,"column":12},"end":{"line":28,"column":55}},"type":"binary-expr","locations":[{"start":{"line":28,"column":12},"end":{"line":28,"column":25}},{"start":{"line":28,"column":29},"end":{"line":28,"column":34}},{"start":{"line":28,"column":38},"end":{"line":28,"column":55}}],"line":28},"3":{"loc":{"start":{"line":38,"column":8},"end":{"line":46,"column":9}},"type":"if","locations":[{"start":{"line":38,"column":8},"end":{"line":46,"column":9}},{"start":{},"end":{}}],"line":38},"4":{"loc":{"start":{"line":71,"column":8},"end":{"line":79,"column":9}},"type":"if","locations":[{"start":{"line":71,"column":8},"end":{"line":79,"column":9}},{"start":{},"end":{}}],"line":71}},"s":{"0":47,"1":47,"2":47,"3":47,"4":47,"5":47,"6":47,"7":17,"8":17,"9":15,"10":47,"11":5,"12":5,"13":5,"14":3,"15":3,"16":2,"17":0,"18":0,"19":2,"20":2,"21":1,"22":1,"23":1,"24":47,"25":3,"26":1,"27":1,"28":2,"29":2,"30":2,"31":1,"32":1,"33":2,"34":0,"35":47,"36":3,"37":6,"38":1},"f":{"0":47,"1":17,"2":5,"3":3,"4":0,"5":3,"6":6,"7":1},"b":{"0":[15,2],"1":[3,2],"2":[5,4,3],"3":[0,2],"4":[1,2]},"_coverageSchema":"1a1c01bbd47fc00a2c39e90264f33305004495a9","hash":"8566c1b8b970512819f49922d6512536dfbdac7c"}
,"C:\\Users\\Fedex\\OneDrive\\Escritorio\\Tesis\\TesisFront\\TesisFront\\src\\components\\book\\Addproduct.jsx": {"path":"C:\\Users\\Fedex\\OneDrive\\Escritorio\\Tesis\\TesisFront\\TesisFront\\src\\components\\book\\Addproduct.jsx","statementMap":{"0":{"start":{"line":10,"column":17},"end":{"line":162,"column":1}},"1":{"start":{"line":11,"column":30},"end":{"line":11,"column":42}},"2":{"start":{"line":12,"column":28},"end":{"line":12,"column":40}},"3":{"start":{"line":13,"column":40},"end":{"line":13,"column":52}},"4":{"start":{"line":14,"column":26},"end":{"line":14,"column":38}},"5":{"start":{"line":15,"column":36},"end":{"line":15,"column":48}},"6":{"start":{"line":16,"column":36},"end":{"line":16,"column":50}},"7":{"start":{"line":17,"column":52},"end":{"line":17,"column":66}},"8":{"start":{"line":18,"column":16},"end":{"line":18,"column":34}},"9":{"start":{"line":20,"column":19},"end":{"line":26,"column":3}},"10":{"start":{"line":28,"column":23},"end":{"line":80,"column":3}},"11":{"start":{"line":29,"column":4},"end":{"line":37,"column":5}},"12":{"start":{"line":30,"column":6},"end":{"line":35,"column":9}},"13":{"start":{"line":36,"column":6},"end":{"line":36,"column":13}},"14":{"start":{"line":39,"column":23},"end":{"line":47,"column":5}},"15":{"start":{"line":49,"column":4},"end":{"line":79,"column":5}},"16":{"start":{"line":50,"column":6},"end":{"line":53,"column":9}},"17":{"start":{"line":55,"column":6},"end":{"line":60,"column":9}},"18":{"start":{"line":63,"column":6},"end":{"line":63,"column":20}},"19":{"start":{"line":64,"column":6},"end":{"line":64,"column":19}},"20":{"start":{"line":65,"column":6},"end":{"line":65,"column":25}},"21":{"start":{"line":66,"column":6},"end":{"line":66,"column":18}},"22":{"start":{"line":67,"column":6},"end":{"line":67,"column":23}},"23":{"start":{"line":68,"column":6},"end":{"line":68,"column":25}},"24":{"start":{"line":69,"column":6},"end":{"line":69,"column":33}},"25":{"start":{"line":70,"column":6},"end":{"line":70,"column":16}},"26":{"start":{"line":72,"column":6},"end":{"line":72,"column":37}},"27":{"start":{"line":73,"column":6},"end":{"line":78,"column":9}},"28":{"start":{"line":82,"column":2},"end":{"line":161,"column":4}},"29":{"start":{"line":91,"column":29},"end":{"line":91,"column":54}},"30":{"start":{"line":99,"column":29},"end":{"line":99,"column":53}},"31":{"start":{"line":108,"column":29},"end":{"line":108,"column":59}},"32":{"start":{"line":116,"column":29},"end":{"line":116,"column":52}},"33":{"start":{"line":125,"column":29},"end":{"line":125,"column":50}},"34":{"start":{"line":133,"column":29},"end":{"line":133,"column":57}},"35":{"start":{"line":141,"column":34},"end":{"line":141,"column":63}}},"fnMap":{"0":{"name":"(anonymous_0)","decl":{"start":{"line":10,"column":17},"end":{"line":10,"column":18}},"loc":{"start":{"line":10,"column":34},"end":{"line":162,"column":1}},"line":10},"1":{"name":"(anonymous_1)","decl":{"start":{"line":28,"column":23},"end":{"line":28,"column":24}},"loc":{"start":{"line":28,"column":35},"end":{"line":80,"column":3}},"line":28},"2":{"name":"(anonymous_2)","decl":{"start":{"line":91,"column":22},"end":{"line":91,"column":23}},"loc":{"start":{"line":91,"column":29},"end":{"line":91,"column":54}},"line":91},"3":{"name":"(anonymous_3)","decl":{"start":{"line":99,"column":22},"end":{"line":99,"column":23}},"loc":{"start":{"line":99,"column":29},"end":{"line":99,"column":53}},"line":99},"4":{"name":"(anonymous_4)","decl":{"start":{"line":108,"column":22},"end":{"line":108,"column":23}},"loc":{"start":{"line":108,"column":29},"end":{"line":108,"column":59}},"line":108},"5":{"name":"(anonymous_5)","decl":{"start":{"line":116,"column":22},"end":{"line":116,"column":23}},"loc":{"start":{"line":116,"column":29},"end":{"line":116,"column":52}},"line":116},"6":{"name":"(anonymous_6)","decl":{"start":{"line":125,"column":22},"end":{"line":125,"column":23}},"loc":{"start":{"line":125,"column":29},"end":{"line":125,"column":50}},"line":125},"7":{"name":"(anonymous_7)","decl":{"start":{"line":133,"column":22},"end":{"line":133,"column":23}},"loc":{"start":{"line":133,"column":29},"end":{"line":133,"column":57}},"line":133},"8":{"name":"(anonymous_8)","decl":{"start":{"line":141,"column":27},"end":{"line":141,"column":28}},"loc":{"start":{"line":141,"column":34},"end":{"line":141,"column":63}},"line":141}},"branchMap":{"0":{"loc":{"start":{"line":29,"column":4},"end":{"line":37,"column":5}},"type":"if","locations":[{"start":{"line":29,"column":4},"end":{"line":37,"column":5}},{"start":{},"end":{}}],"line":29},"1":{"loc":{"start":{"line":29,"column":8},"end":{"line":29,"column":108}},"type":"binary-expr","locations":[{"start":{"line":29,"column":8},"end":{"line":29,"column":15}},{"start":{"line":29,"column":19},"end":{"line":29,"column":25}},{"start":{"line":29,"column":29},"end":{"line":29,"column":41}},{"start":{"line":29,"column":45},"end":{"line":29,"column":50}},{"start":{"line":29,"column":54},"end":{"line":29,"column":64}},{"start":{"line":29,"column":68},"end":{"line":29,"column":78}},{"start":{"line":29,"column":82},"end":{"line":29,"column":108}}],"line":29}},"s":{"0":1,"1":27,"2":27,"3":27,"4":27,"5":27,"6":27,"7":27,"8":27,"9":27,"10":27,"11":4,"12":4,"13":4,"14":0,"15":0,"16":0,"17":0,"18":0,"19":0,"20":0,"21":0,"22":0,"23":0,"24":0,"25":0,"26":0,"27":0,"28":27,"29":3,"30":3,"31":3,"32":3,"33":2,"34":3,"35":0},"f":{"0":27,"1":4,"2":3,"3":3,"4":3,"5":3,"6":2,"7":3,"8":0},"b":{"0":[4,0],"1":[4,2,2,2,2,2,2]},"_coverageSchema":"1a1c01bbd47fc00a2c39e90264f33305004495a9","hash":"5dd660933e995d8337b956c4edeedd5351ae4617"}
,"C:\\Users\\Fedex\\OneDrive\\Escritorio\\Tesis\\TesisFront\\TesisFront\\src\\components\\book\\Deleteproduct.jsx": {"path":"C:\\Users\\Fedex\\OneDrive\\Escritorio\\Tesis\\TesisFront\\TesisFront\\src\\components\\book\\Deleteproduct.jsx","statementMap":{"0":{"start":{"line":8,"column":32},"end":{"line":8,"column":44}},"1":{"start":{"line":10,"column":4},"end":{"line":26,"column":16}},"2":{"start":{"line":11,"column":28},"end":{"line":24,"column":9}},"3":{"start":{"line":12,"column":12},"end":{"line":23,"column":13}},"4":{"start":{"line":13,"column":29},"end":{"line":13,"column":58}},"5":{"start":{"line":14,"column":16},"end":{"line":14,"column":32}},"6":{"start":{"line":16,"column":16},"end":{"line":16,"column":47}},"7":{"start":{"line":17,"column":16},"end":{"line":22,"column":19}},"8":{"start":{"line":25,"column":8},"end":{"line":25,"column":22}},"9":{"start":{"line":28,"column":25},"end":{"line":49,"column":5}},"10":{"start":{"line":29,"column":8},"end":{"line":48,"column":9}},"11":{"start":{"line":30,"column":12},"end":{"line":32,"column":15}},"12":{"start":{"line":33,"column":12},"end":{"line":38,"column":15}},"13":{"start":{"line":39,"column":12},"end":{"line":39,"column":70}},"14":{"start":{"line":39,"column":47},"end":{"line":39,"column":67}},"15":{"start":{"line":41,"column":12},"end":{"line":41,"column":43}},"16":{"start":{"line":42,"column":12},"end":{"line":47,"column":15}},"17":{"start":{"line":51,"column":33},"end":{"line":60,"column":5}},"18":{"start":{"line":52,"column":8},"end":{"line":59,"column":10}},"19":{"start":{"line":57,"column":31},"end":{"line":57,"column":55}},"20":{"start":{"line":62,"column":4},"end":{"line":79,"column":6}}},"fnMap":{"0":{"name":"Deleteproduct","decl":{"start":{"line":7,"column":24},"end":{"line":7,"column":37}},"loc":{"start":{"line":7,"column":58},"end":{"line":80,"column":1}},"line":7},"1":{"name":"(anonymous_1)","decl":{"start":{"line":10,"column":14},"end":{"line":10,"column":15}},"loc":{"start":{"line":10,"column":20},"end":{"line":26,"column":5}},"line":10},"2":{"name":"(anonymous_2)","decl":{"start":{"line":11,"column":28},"end":{"line":11,"column":29}},"loc":{"start":{"line":11,"column":40},"end":{"line":24,"column":9}},"line":11},"3":{"name":"(anonymous_3)","decl":{"start":{"line":28,"column":25},"end":{"line":28,"column":26}},"loc":{"start":{"line":28,"column":44},"end":{"line":49,"column":5}},"line":28},"4":{"name":"(anonymous_4)","decl":{"start":{"line":39,"column":36},"end":{"line":39,"column":37}},"loc":{"start":{"line":39,"column":47},"end":{"line":39,"column":67}},"line":39},"5":{"name":"(anonymous_5)","decl":{"start":{"line":51,"column":33},"end":{"line":51,"column":34}},"loc":{"start":{"line":51,"column":46},"end":{"line":60,"column":5}},"line":51},"6":{"name":"(anonymous_6)","decl":{"start":{"line":57,"column":25},"end":{"line":57,"column":26}},"loc":{"start":{"line":57,"column":31},"end":{"line":57,"column":55}},"line":57}},"branchMap":{},"s":{"0":16,"1":16,"2":9,"3":9,"4":9,"5":7,"6":2,"7":2,"8":9,"9":16,"10":2,"11":2,"12":1,"13":1,"14":2,"15":1,"16":1,"17":16,"18":13,"19":2,"20":16},"f":{"0":16,"1":9,"2":9,"3":2,"4":2,"5":13,"6":2},"b":{},"_coverageSchema":"1a1c01bbd47fc00a2c39e90264f33305004495a9","hash":"b75d21530bda868c392ff4ca6e198a7e356bb178"}
,"C:\\Users\\Fedex\\OneDrive\\Escritorio\\Tesis\\TesisFront\\TesisFront\\src\\components\\book\\Producto.jsx": {"path":"C:\\Users\\Fedex\\OneDrive\\Escritorio\\Tesis\\TesisFront\\TesisFront\\src\\components\\book\\Producto.jsx","statementMap":{"0":{"start":{"line":8,"column":32},"end":{"line":8,"column":44}},"1":{"start":{"line":9,"column":40},"end":{"line":9,"column":52}},"2":{"start":{"line":10,"column":46},"end":{"line":10,"column":60}},"3":{"start":{"line":11,"column":46},"end":{"line":11,"column":61}},"4":{"start":{"line":12,"column":18},"end":{"line":12,"column":30}},"5":{"start":{"line":14,"column":23},"end":{"line":20,"column":5}},"6":{"start":{"line":22,"column":4},"end":{"line":41,"column":11}},"7":{"start":{"line":23,"column":28},"end":{"line":38,"column":9}},"8":{"start":{"line":24,"column":12},"end":{"line":37,"column":13}},"9":{"start":{"line":25,"column":29},"end":{"line":25,"column":58}},"10":{"start":{"line":27,"column":16},"end":{"line":34,"column":17}},"11":{"start":{"line":28,"column":46},"end":{"line":28,"column":48}},"12":{"start":{"line":29,"column":20},"end":{"line":31,"column":23}},"13":{"start":{"line":30,"column":24},"end":{"line":30,"column":56}},"14":{"start":{"line":32,"column":20},"end":{"line":32,"column":53}},"15":{"start":{"line":33,"column":20},"end":{"line":33,"column":36}},"16":{"start":{"line":36,"column":16},"end":{"line":36,"column":47}},"17":{"start":{"line":40,"column":8},"end":{"line":40,"column":22}},"18":{"start":{"line":43,"column":23},"end":{"line":46,"column":5}},"19":{"start":{"line":44,"column":8},"end":{"line":44,"column":32}},"20":{"start":{"line":45,"column":8},"end":{"line":45,"column":31}},"21":{"start":{"line":48,"column":29},"end":{"line":55,"column":10}},"22":{"start":{"line":49,"column":25},"end":{"line":49,"column":40}},"23":{"start":{"line":50,"column":8},"end":{"line":52,"column":9}},"24":{"start":{"line":51,"column":12},"end":{"line":51,"column":31}},"25":{"start":{"line":53,"column":8},"end":{"line":53,"column":34}},"26":{"start":{"line":54,"column":8},"end":{"line":54,"column":19}},"27":{"start":{"line":57,"column":33},"end":{"line":62,"column":5}},"28":{"start":{"line":58,"column":8},"end":{"line":61,"column":12}},"29":{"start":{"line":58,"column":43},"end":{"line":61,"column":9}},"30":{"start":{"line":64,"column":22},"end":{"line":104,"column":5}},"31":{"start":{"line":65,"column":25},"end":{"line":65,"column":44}},"32":{"start":{"line":66,"column":26},"end":{"line":66,"column":70}},"33":{"start":{"line":66,"column":49},"end":{"line":66,"column":69}},"34":{"start":{"line":68,"column":8},"end":{"line":68,"column":44}},"35":{"start":{"line":68,"column":37},"end":{"line":68,"column":44}},"36":{"start":{"line":70,"column":8},"end":{"line":103,"column":9}},"37":{"start":{"line":71,"column":29},"end":{"line":77,"column":14}},"38":{"start":{"line":79,"column":12},"end":{"line":94,"column":13}},"39":{"start":{"line":80,"column":16},"end":{"line":85,"column":19}},"40":{"start":{"line":86,"column":16},"end":{"line":86,"column":40}},"41":{"start":{"line":88,"column":16},"end":{"line":93,"column":19}},"42":{"start":{"line":96,"column":12},"end":{"line":96,"column":65}},"43":{"start":{"line":97,"column":12},"end":{"line":102,"column":15}},"44":{"start":{"line":106,"column":4},"end":{"line":230,"column":6}},"45":{"start":{"line":111,"column":16},"end":{"line":217,"column":22}},"46":{"start":{"line":113,"column":46},"end":{"line":113,"column":66}},"47":{"start":{"line":126,"column":28},"end":{"line":214,"column":35}},"48":{"start":{"line":137,"column":47},"end":{"line":137,"column":64}},"49":{"start":{"line":143,"column":52},"end":{"line":143,"column":100}},"50":{"start":{"line":210,"column":66},"end":{"line":210,"column":93}},"51":{"start":{"line":222,"column":30},"end":{"line":222,"column":53}}},"fnMap":{"0":{"name":"Producto","decl":{"start":{"line":7,"column":24},"end":{"line":7,"column":32}},"loc":{"start":{"line":7,"column":47},"end":{"line":231,"column":1}},"line":7},"1":{"name":"(anonymous_1)","decl":{"start":{"line":22,"column":14},"end":{"line":22,"column":15}},"loc":{"start":{"line":22,"column":20},"end":{"line":41,"column":5}},"line":22},"2":{"name":"(anonymous_2)","decl":{"start":{"line":23,"column":28},"end":{"line":23,"column":29}},"loc":{"start":{"line":23,"column":40},"end":{"line":38,"column":9}},"line":23},"3":{"name":"(anonymous_3)","decl":{"start":{"line":29,"column":33},"end":{"line":29,"column":34}},"loc":{"start":{"line":29,"column":42},"end":{"line":31,"column":21}},"line":29},"4":{"name":"(anonymous_4)","decl":{"start":{"line":43,"column":23},"end":{"line":43,"column":24}},"loc":{"start":{"line":43,"column":34},"end":{"line":46,"column":5}},"line":43},"5":{"name":"(anonymous_5)","decl":{"start":{"line":48,"column":43},"end":{"line":48,"column":44}},"loc":{"start":{"line":48,"column":59},"end":{"line":55,"column":5}},"line":48},"6":{"name":"(anonymous_6)","decl":{"start":{"line":57,"column":33},"end":{"line":57,"column":34}},"loc":{"start":{"line":57,"column":59},"end":{"line":62,"column":5}},"line":57},"7":{"name":"(anonymous_7)","decl":{"start":{"line":58,"column":22},"end":{"line":58,"column":23}},"loc":{"start":{"line":58,"column":43},"end":{"line":61,"column":9}},"line":58},"8":{"name":"(anonymous_8)","decl":{"start":{"line":64,"column":22},"end":{"line":64,"column":23}},"loc":{"start":{"line":64,"column":41},"end":{"line":104,"column":5}},"line":64},"9":{"name":"(anonymous_9)","decl":{"start":{"line":66,"column":38},"end":{"line":66,"column":39}},"loc":{"start":{"line":66,"column":49},"end":{"line":66,"column":69}},"line":66},"10":{"name":"(anonymous_10)","decl":{"start":{"line":110,"column":50},"end":{"line":110,"column":51}},"loc":{"start":{"line":111,"column":16},"end":{"line":217,"column":22}},"line":111},"11":{"name":"(anonymous_11)","decl":{"start":{"line":113,"column":41},"end":{"line":113,"column":42}},"loc":{"start":{"line":113,"column":46},"end":{"line":113,"column":66}},"line":113},"12":{"name":"(anonymous_12)","decl":{"start":{"line":125,"column":35},"end":{"line":125,"column":36}},"loc":{"start":{"line":126,"column":28},"end":{"line":214,"column":35}},"line":126},"13":{"name":"(anonymous_13)","decl":{"start":{"line":137,"column":41},"end":{"line":137,"column":42}},"loc":{"start":{"line":137,"column":47},"end":{"line":137,"column":64}},"line":137},"14":{"name":"(anonymous_14)","decl":{"start":{"line":143,"column":45},"end":{"line":143,"column":46}},"loc":{"start":{"line":143,"column":52},"end":{"line":143,"column":100}},"line":143},"15":{"name":"(anonymous_15)","decl":{"start":{"line":210,"column":61},"end":{"line":210,"column":62}},"loc":{"start":{"line":210,"column":66},"end":{"line":210,"column":93}},"line":210},"16":{"name":"(anonymous_16)","decl":{"start":{"line":222,"column":24},"end":{"line":222,"column":25}},"loc":{"start":{"line":222,"column":30},"end":{"line":222,"column":53}},"line":222}},"branchMap":{"0":{"loc":{"start":{"line":27,"column":16},"end":{"line":34,"column":17}},"type":"if","locations":[{"start":{"line":27,"column":16},"end":{"line":34,"column":17}},{"start":{},"end":{}}],"line":27},"1":{"loc":{"start":{"line":27,"column":20},"end":{"line":27,"column":43}},"type":"binary-expr","locations":[{"start":{"line":27,"column":20},"end":{"line":27,"column":24}},{"start":{"line":27,"column":28},"end":{"line":27,"column":43}}],"line":27},"2":{"loc":{"start":{"line":50,"column":8},"end":{"line":52,"column":9}},"type":"if","locations":[{"start":{"line":50,"column":8},"end":{"line":52,"column":9}},{"start":{},"end":{}}],"line":50},"3":{"loc":{"start":{"line":68,"column":8},"end":{"line":68,"column":44}},"type":"if","locations":[{"start":{"line":68,"column":8},"end":{"line":68,"column":44}},{"start":{},"end":{}}],"line":68},"4":{"loc":{"start":{"line":68,"column":12},"end":{"line":68,"column":35}},"type":"binary-expr","locations":[{"start":{"line":68,"column":12},"end":{"line":68,"column":22}},{"start":{"line":68,"column":26},"end":{"line":68,"column":35}}],"line":68},"5":{"loc":{"start":{"line":79,"column":12},"end":{"line":94,"column":13}},"type":"if","locations":[{"start":{"line":79,"column":12},"end":{"line":94,"column":13}},{"start":{"line":87,"column":19},"end":{"line":94,"column":13}}],"line":79},"6":{"loc":{"start":{"line":113,"column":25},"end":{"line":113,"column":86}},"type":"binary-expr","locations":[{"start":{"line":113,"column":25},"end":{"line":113,"column":74}},{"start":{"line":113,"column":78},"end":{"line":113,"column":86}}],"line":113},"7":{"loc":{"start":{"line":116,"column":21},"end":{"line":116,"column":69}},"type":"binary-expr","locations":[{"start":{"line":116,"column":21},"end":{"line":116,"column":30}},{"start":{"line":116,"column":34},"end":{"line":116,"column":69}}],"line":116},"8":{"loc":{"start":{"line":210,"column":45},"end":{"line":210,"column":120}},"type":"binary-expr","locations":[{"start":{"line":210,"column":45},"end":{"line":210,"column":101}},{"start":{"line":210,"column":105},"end":{"line":210,"column":120}}],"line":210}},"s":{"0":24,"1":24,"2":24,"3":24,"4":24,"5":24,"6":24,"7":10,"8":10,"9":10,"10":9,"11":8,"12":8,"13":9,"14":8,"15":8,"16":1,"17":10,"18":24,"19":5,"20":5,"21":24,"22":15,"23":15,"24":15,"25":15,"26":15,"27":24,"28":0,"29":0,"30":24,"31":3,"32":3,"33":3,"34":3,"35":0,"36":3,"37":3,"38":2,"39":1,"40":1,"41":1,"42":1,"43":1,"44":24,"45":15,"46":16,"47":15,"48":5,"49":0,"50":16,"51":0},"f":{"0":24,"1":10,"2":10,"3":9,"4":5,"5":15,"6":0,"7":0,"8":3,"9":3,"10":15,"11":16,"12":15,"13":5,"14":0,"15":16,"16":0},"b":{"0":[8,1],"1":[9,9],"2":[15,0],"3":[0,3],"4":[3,3],"5":[1,1],"6":[15,0],"7":[15,1],"8":[15,0]},"_coverageSchema":"1a1c01bbd47fc00a2c39e90264f33305004495a9","hash":"569c7e8d1b2229954069765669b82f6a115c9e05"}
,"C:\\Users\\Fedex\\OneDrive\\Escritorio\\Tesis\\TesisFront\\TesisFront\\src\\components\\book\\ProductoItem.jsx": {"path":"C:\\Users\\Fedex\\OneDrive\\Escritorio\\Tesis\\TesisFront\\TesisFront\\src\\components\\book\\ProductoItem.jsx","statementMap":{"0":{"start":{"line":4,"column":2},"end":{"line":18,"column":3}},"1":{"start":{"line":12,"column":23},"end":{"line":12,"column":40}}},"fnMap":{"0":{"name":"MenuItem","decl":{"start":{"line":3,"column":24},"end":{"line":3,"column":32}},"loc":{"start":{"line":3,"column":56},"end":{"line":19,"column":1}},"line":3},"1":{"name":"(anonymous_1)","decl":{"start":{"line":12,"column":17},"end":{"line":12,"column":18}},"loc":{"start":{"line":12,"column":23},"end":{"line":12,"column":40}},"line":12}},"branchMap":{},"s":{"0":4,"1":2},"f":{"0":4,"1":2},"b":{},"_coverageSchema":"1a1c01bbd47fc00a2c39e90264f33305004495a9","hash":"2ccf5eedf5f9e5a672c37cf0590205850bf08ed4"}
,"C:\\Users\\Fedex\\OneDrive\\Escritorio\\Tesis\\TesisFront\\TesisFront\\src\\components\\book\\Updateproduct.jsx": {"path":"C:\\Users\\Fedex\\OneDrive\\Escritorio\\Tesis\\TesisFront\\TesisFront\\src\\components\\book\\Updateproduct.jsx","statementMap":{"0":{"start":{"line":9,"column":32},"end":{"line":9,"column":44}},"1":{"start":{"line":10,"column":46},"end":{"line":10,"column":60}},"2":{"start":{"line":11,"column":38},"end":{"line":19,"column":6}},"3":{"start":{"line":21,"column":23},"end":{"line":27,"column":5}},"4":{"start":{"line":29,"column":5},"end":{"line":45,"column":20}},"5":{"start":{"line":30,"column":32},"end":{"line":43,"column":13}},"6":{"start":{"line":31,"column":16},"end":{"line":42,"column":17}},"7":{"start":{"line":32,"column":33},"end":{"line":32,"column":62}},"8":{"start":{"line":33,"column":20},"end":{"line":33,"column":36}},"9":{"start":{"line":35,"column":20},"end":{"line":35,"column":51}},"10":{"start":{"line":36,"column":20},"end":{"line":41,"column":23}},"11":{"start":{"line":44,"column":12},"end":{"line":44,"column":26}},"12":{"start":{"line":48,"column":30},"end":{"line":62,"column":5}},"13":{"start":{"line":49,"column":25},"end":{"line":49,"column":69}},"14":{"start":{"line":49,"column":48},"end":{"line":49,"column":68}},"15":{"start":{"line":50,"column":8},"end":{"line":61,"column":9}},"16":{"start":{"line":51,"column":12},"end":{"line":51,"column":42}},"17":{"start":{"line":52,"column":12},"end":{"line":60,"column":15}},"18":{"start":{"line":64,"column":25},"end":{"line":67,"column":5}},"19":{"start":{"line":65,"column":22},"end":{"line":65,"column":57}},"20":{"start":{"line":66,"column":8},"end":{"line":66,"column":55}},"21":{"start":{"line":69,"column":25},"end":{"line":102,"column":5}},"22":{"start":{"line":70,"column":8},"end":{"line":78,"column":9}},"23":{"start":{"line":71,"column":12},"end":{"line":76,"column":15}},"24":{"start":{"line":77,"column":12},"end":{"line":77,"column":19}},"25":{"start":{"line":80,"column":8},"end":{"line":101,"column":9}},"26":{"start":{"line":81,"column":12},"end":{"line":84,"column":15}},"27":{"start":{"line":86,"column":12},"end":{"line":91,"column":15}},"28":{"start":{"line":92,"column":12},"end":{"line":92,"column":22}},"29":{"start":{"line":94,"column":12},"end":{"line":94,"column":43}},"30":{"start":{"line":95,"column":12},"end":{"line":100,"column":15}},"31":{"start":{"line":104,"column":4},"end":{"line":190,"column":6}},"32":{"start":{"line":111,"column":52},"end":{"line":111,"column":92}},"33":{"start":{"line":112,"column":37},"end":{"line":112,"column":63}},"34":{"start":{"line":125,"column":45},"end":{"line":125,"column":70}},"35":{"start":{"line":134,"column":45},"end":{"line":134,"column":69}},"36":{"start":{"line":143,"column":45},"end":{"line":143,"column":75}},"37":{"start":{"line":152,"column":45},"end":{"line":152,"column":68}},"38":{"start":{"line":161,"column":45},"end":{"line":161,"column":73}},"39":{"start":{"line":171,"column":45},"end":{"line":171,"column":73}},"40":{"start":{"line":180,"column":50},"end":{"line":180,"column":86}}},"fnMap":{"0":{"name":"UpdateLibro","decl":{"start":{"line":8,"column":24},"end":{"line":8,"column":35}},"loc":{"start":{"line":8,"column":56},"end":{"line":191,"column":1}},"line":8},"1":{"name":"(anonymous_1)","decl":{"start":{"line":29,"column":15},"end":{"line":29,"column":16}},"loc":{"start":{"line":29,"column":21},"end":{"line":45,"column":9}},"line":29},"2":{"name":"(anonymous_2)","decl":{"start":{"line":30,"column":32},"end":{"line":30,"column":33}},"loc":{"start":{"line":30,"column":44},"end":{"line":43,"column":13}},"line":30},"3":{"name":"(anonymous_3)","decl":{"start":{"line":48,"column":30},"end":{"line":48,"column":31}},"loc":{"start":{"line":48,"column":43},"end":{"line":62,"column":5}},"line":48},"4":{"name":"(anonymous_4)","decl":{"start":{"line":49,"column":37},"end":{"line":49,"column":38}},"loc":{"start":{"line":49,"column":48},"end":{"line":49,"column":68}},"line":49},"5":{"name":"(anonymous_5)","decl":{"start":{"line":64,"column":25},"end":{"line":64,"column":26}},"loc":{"start":{"line":64,"column":39},"end":{"line":67,"column":5}},"line":64},"6":{"name":"(anonymous_6)","decl":{"start":{"line":69,"column":25},"end":{"line":69,"column":26}},"loc":{"start":{"line":69,"column":37},"end":{"line":102,"column":5}},"line":69},"7":{"name":"(anonymous_7)","decl":{"start":{"line":111,"column":40},"end":{"line":111,"column":41}},"loc":{"start":{"line":111,"column":52},"end":{"line":111,"column":92}},"line":111},"8":{"name":"(anonymous_8)","decl":{"start":{"line":112,"column":30},"end":{"line":112,"column":31}},"loc":{"start":{"line":112,"column":37},"end":{"line":112,"column":63}},"line":112},"9":{"name":"(anonymous_9)","decl":{"start":{"line":125,"column":38},"end":{"line":125,"column":39}},"loc":{"start":{"line":125,"column":45},"end":{"line":125,"column":70}},"line":125},"10":{"name":"(anonymous_10)","decl":{"start":{"line":134,"column":38},"end":{"line":134,"column":39}},"loc":{"start":{"line":134,"column":45},"end":{"line":134,"column":69}},"line":134},"11":{"name":"(anonymous_11)","decl":{"start":{"line":143,"column":38},"end":{"line":143,"column":39}},"loc":{"start":{"line":143,"column":45},"end":{"line":143,"column":75}},"line":143},"12":{"name":"(anonymous_12)","decl":{"start":{"line":152,"column":38},"end":{"line":152,"column":39}},"loc":{"start":{"line":152,"column":45},"end":{"line":152,"column":68}},"line":152},"13":{"name":"(anonymous_13)","decl":{"start":{"line":161,"column":38},"end":{"line":161,"column":39}},"loc":{"start":{"line":161,"column":45},"end":{"line":161,"column":73}},"line":161},"14":{"name":"(anonymous_14)","decl":{"start":{"line":171,"column":38},"end":{"line":171,"column":39}},"loc":{"start":{"line":171,"column":45},"end":{"line":171,"column":73}},"line":171},"15":{"name":"(anonymous_15)","decl":{"start":{"line":180,"column":43},"end":{"line":180,"column":44}},"loc":{"start":{"line":180,"column":50},"end":{"line":180,"column":86}},"line":180}},"branchMap":{"0":{"loc":{"start":{"line":50,"column":8},"end":{"line":61,"column":9}},"type":"if","locations":[{"start":{"line":50,"column":8},"end":{"line":61,"column":9}},{"start":{},"end":{}}],"line":50},"1":{"loc":{"start":{"line":65,"column":22},"end":{"line":65,"column":57}},"type":"cond-expr","locations":[{"start":{"line":65,"column":33},"end":{"line":65,"column":47}},{"start":{"line":65,"column":50},"end":{"line":65,"column":57}}],"line":65},"2":{"loc":{"start":{"line":70,"column":8},"end":{"line":78,"column":9}},"type":"if","locations":[{"start":{"line":70,"column":8},"end":{"line":78,"column":9}},{"start":{},"end":{}}],"line":70},"3":{"loc":{"start":{"line":118,"column":13},"end":{"line":187,"column":13}},"type":"binary-expr","locations":[{"start":{"line":118,"column":13},"end":{"line":118,"column":26}},{"start":{"line":119,"column":16},"end":{"line":186,"column":19}}],"line":118}},"s":{"0":8,"1":8,"2":8,"3":8,"4":8,"5":6,"6":6,"7":6,"8":5,"9":1,"10":1,"11":6,"12":8,"13":0,"14":0,"15":0,"16":0,"17":0,"18":8,"19":0,"20":0,"21":8,"22":0,"23":0,"24":0,"25":0,"26":0,"27":0,"28":0,"29":0,"30":0,"31":8,"32":3,"33":0,"34":0,"35":0,"36":0,"37":0,"38":0,"39":0,"40":0},"f":{"0":8,"1":6,"2":6,"3":0,"4":0,"5":0,"6":0,"7":3,"8":0,"9":0,"10":0,"11":0,"12":0,"13":0,"14":0,"15":0},"b":{"0":[0,0],"1":[0,0],"2":[0,0],"3":[8,0]},"_coverageSchema":"1a1c01bbd47fc00a2c39e90264f33305004495a9","hash":"84cb185a8891e9515046c7dd9eab375d24b1531c"}
,"C:\\Users\\Fedex\\OneDrive\\Escritorio\\Tesis\\TesisFront\\TesisFront\\src\\components\\cart\\Cart.jsx": {"path":"C:\\Users\\Fedex\\OneDrive\\Escritorio\\Tesis\\TesisFront\\TesisFront\\src\\components\\cart\\Cart.jsx","statementMap":{"0":{"start":{"line":10,"column":38},"end":{"line":10,"column":50}},"1":{"start":{"line":11,"column":18},"end":{"line":11,"column":30}},"2":{"start":{"line":12,"column":21},"end":{"line":12,"column":34}},"3":{"start":{"line":14,"column":27},"end":{"line":33,"column":10}},"4":{"start":{"line":15,"column":8},"end":{"line":32,"column":9}},"5":{"start":{"line":16,"column":29},"end":{"line":16,"column":60}},"6":{"start":{"line":18,"column":12},"end":{"line":22,"column":13}},"7":{"start":{"line":19,"column":16},"end":{"line":19,"column":45}},"8":{"start":{"line":21,"column":16},"end":{"line":21,"column":33}},"9":{"start":{"line":25,"column":12},"end":{"line":25,"column":43}},"10":{"start":{"line":26,"column":12},"end":{"line":31,"column":15}},"11":{"start":{"line":35,"column":4},"end":{"line":39,"column":35}},"12":{"start":{"line":36,"column":8},"end":{"line":38,"column":9}},"13":{"start":{"line":37,"column":12},"end":{"line":37,"column":29}},"14":{"start":{"line":41,"column":23},"end":{"line":65,"column":5}},"15":{"start":{"line":42,"column":8},"end":{"line":64,"column":9}},"16":{"start":{"line":43,"column":12},"end":{"line":45,"column":15}},"17":{"start":{"line":47,"column":12},"end":{"line":52,"column":15}},"18":{"start":{"line":54,"column":12},"end":{"line":54,"column":29}},"19":{"start":{"line":57,"column":12},"end":{"line":57,"column":43}},"20":{"start":{"line":58,"column":12},"end":{"line":63,"column":15}},"21":{"start":{"line":67,"column":30},"end":{"line":90,"column":5}},"22":{"start":{"line":68,"column":25},"end":{"line":68,"column":45}},"23":{"start":{"line":69,"column":8},"end":{"line":89,"column":9}},"24":{"start":{"line":70,"column":12},"end":{"line":73,"column":15}},"25":{"start":{"line":74,"column":12},"end":{"line":79,"column":15}},"26":{"start":{"line":80,"column":12},"end":{"line":80,"column":29}},"27":{"start":{"line":82,"column":28},"end":{"line":82,"column":64}},"28":{"start":{"line":83,"column":12},"end":{"line":88,"column":15}},"29":{"start":{"line":92,"column":4},"end":{"line":164,"column":6}},"30":{"start":{"line":105,"column":43},"end":{"line":105,"column":60}},"31":{"start":{"line":114,"column":28},"end":{"line":142,"column":35}},"32":{"start":{"line":121,"column":44},"end":{"line":121,"column":68}},"33":{"start":{"line":122,"column":44},"end":{"line":122,"column":76}},"34":{"start":{"line":136,"column":59},"end":{"line":136,"column":78}}},"fnMap":{"0":{"name":"Cart","decl":{"start":{"line":9,"column":9},"end":{"line":9,"column":13}},"loc":{"start":{"line":9,"column":28},"end":{"line":165,"column":1}},"line":9},"1":{"name":"(anonymous_1)","decl":{"start":{"line":14,"column":39},"end":{"line":14,"column":40}},"loc":{"start":{"line":14,"column":51},"end":{"line":33,"column":5}},"line":14},"2":{"name":"(anonymous_2)","decl":{"start":{"line":35,"column":14},"end":{"line":35,"column":15}},"loc":{"start":{"line":35,"column":20},"end":{"line":39,"column":5}},"line":35},"3":{"name":"(anonymous_3)","decl":{"start":{"line":41,"column":23},"end":{"line":41,"column":24}},"loc":{"start":{"line":41,"column":41},"end":{"line":65,"column":5}},"line":41},"4":{"name":"(anonymous_4)","decl":{"start":{"line":67,"column":30},"end":{"line":67,"column":31}},"loc":{"start":{"line":67,"column":42},"end":{"line":90,"column":5}},"line":67},"5":{"name":"(anonymous_5)","decl":{"start":{"line":105,"column":37},"end":{"line":105,"column":38}},"loc":{"start":{"line":105,"column":43},"end":{"line":105,"column":60}},"line":105},"6":{"name":"(anonymous_6)","decl":{"start":{"line":113,"column":39},"end":{"line":113,"column":40}},"loc":{"start":{"line":114,"column":28},"end":{"line":142,"column":35}},"line":114},"7":{"name":"(anonymous_7)","decl":{"start":{"line":120,"column":49},"end":{"line":120,"column":50}},"loc":{"start":{"line":120,"column":56},"end":{"line":123,"column":41}},"line":120},"8":{"name":"(anonymous_8)","decl":{"start":{"line":136,"column":53},"end":{"line":136,"column":54}},"loc":{"start":{"line":136,"column":59},"end":{"line":136,"column":78}},"line":136}},"branchMap":{"0":{"loc":{"start":{"line":18,"column":12},"end":{"line":22,"column":13}},"type":"if","locations":[{"start":{"line":18,"column":12},"end":{"line":22,"column":13}},{"start":{"line":20,"column":19},"end":{"line":22,"column":13}}],"line":18},"1":{"loc":{"start":{"line":18,"column":16},"end":{"line":18,"column":42}},"type":"binary-expr","locations":[{"start":{"line":18,"column":16},"end":{"line":18,"column":24}},{"start":{"line":18,"column":28},"end":{"line":18,"column":42}}],"line":18},"2":{"loc":{"start":{"line":36,"column":8},"end":{"line":38,"column":9}},"type":"if","locations":[{"start":{"line":36,"column":8},"end":{"line":38,"column":9}},{"start":{},"end":{}}],"line":36},"3":{"loc":{"start":{"line":82,"column":28},"end":{"line":82,"column":64}},"type":"binary-expr","locations":[{"start":{"line":82,"column":28},"end":{"line":82,"column":41}},{"start":{"line":82,"column":45},"end":{"line":82,"column":64}}],"line":82},"4":{"loc":{"start":{"line":97,"column":13},"end":{"line":162,"column":13}},"type":"cond-expr","locations":[{"start":{"line":98,"column":16},"end":{"line":109,"column":23}},{"start":{"line":111,"column":16},"end":{"line":161,"column":22}}],"line":97}},"s":{"0":20,"1":20,"2":20,"3":20,"4":14,"5":14,"6":13,"7":7,"8":6,"9":1,"10":1,"11":20,"12":14,"13":13,"14":20,"15":2,"16":2,"17":1,"18":1,"19":1,"20":1,"21":20,"22":2,"23":2,"24":2,"25":1,"26":1,"27":1,"28":1,"29":20,"30":1,"31":12,"32":0,"33":0,"34":2},"f":{"0":20,"1":14,"2":14,"3":2,"4":2,"5":1,"6":12,"7":0,"8":2},"b":{"0":[7,6],"1":[13,7],"2":[13,1],"3":[1,0],"4":[14,6]},"_coverageSchema":"1a1c01bbd47fc00a2c39e90264f33305004495a9","hash":"7958a937c50be5b296a61dc1a55a596b9fc458d1"}
,"C:\\Users\\Fedex\\OneDrive\\Escritorio\\Tesis\\TesisFront\\TesisFront\\src\\components\\cart\\Pedido.jsx": {"path":"C:\\Users\\Fedex\\OneDrive\\Escritorio\\Tesis\\TesisFront\\TesisFront\\src\\components\\cart\\Pedido.jsx","statementMap":{"0":{"start":{"line":6,"column":38},"end":{"line":6,"column":50}},"1":{"start":{"line":7,"column":34},"end":{"line":7,"column":46}},"2":{"start":{"line":9,"column":4},"end":{"line":31,"column":19}},"3":{"start":{"line":10,"column":31},"end":{"line":28,"column":9}},"4":{"start":{"line":11,"column":12},"end":{"line":11,"column":38}},"5":{"start":{"line":11,"column":31},"end":{"line":11,"column":38}},"6":{"start":{"line":12,"column":12},"end":{"line":27,"column":13}},"7":{"start":{"line":13,"column":29},"end":{"line":13,"column":65}},"8":{"start":{"line":14,"column":16},"end":{"line":14,"column":35}},"9":{"start":{"line":16,"column":16},"end":{"line":24,"column":17}},"10":{"start":{"line":17,"column":43},"end":{"line":17,"column":113}},"11":{"start":{"line":17,"column":64},"end":{"line":17,"column":112}},"12":{"start":{"line":18,"column":42},"end":{"line":18,"column":75}},"13":{"start":{"line":19,"column":38},"end":{"line":19,"column":40}},"14":{"start":{"line":20,"column":20},"end":{"line":22,"column":23}},"15":{"start":{"line":21,"column":24},"end":{"line":21,"column":70}},"16":{"start":{"line":23,"column":20},"end":{"line":23,"column":42}},"17":{"start":{"line":26,"column":16},"end":{"line":26,"column":62}},"18":{"start":{"line":30,"column":8},"end":{"line":30,"column":25}},"19":{"start":{"line":33,"column":25},"end":{"line":60,"column":5}},"20":{"start":{"line":34,"column":28},"end":{"line":34,"column":99}},"21":{"start":{"line":34,"column":76},"end":{"line":34,"column":95}},"22":{"start":{"line":36,"column":8},"end":{"line":59,"column":10}},"23":{"start":{"line":50,"column":32},"end":{"line":52,"column":37}},"24":{"start":{"line":62,"column":4},"end":{"line":68,"column":6}}},"fnMap":{"0":{"name":"Pedido","decl":{"start":{"line":5,"column":24},"end":{"line":5,"column":30}},"loc":{"start":{"line":5,"column":45},"end":{"line":69,"column":1}},"line":5},"1":{"name":"(anonymous_1)","decl":{"start":{"line":9,"column":14},"end":{"line":9,"column":15}},"loc":{"start":{"line":9,"column":20},"end":{"line":31,"column":5}},"line":9},"2":{"name":"(anonymous_2)","decl":{"start":{"line":10,"column":31},"end":{"line":10,"column":32}},"loc":{"start":{"line":10,"column":43},"end":{"line":28,"column":9}},"line":10},"3":{"name":"(anonymous_3)","decl":{"start":{"line":17,"column":52},"end":{"line":17,"column":53}},"loc":{"start":{"line":17,"column":64},"end":{"line":17,"column":112}},"line":17},"4":{"name":"(anonymous_4)","decl":{"start":{"line":20,"column":33},"end":{"line":20,"column":34}},"loc":{"start":{"line":20,"column":54},"end":{"line":22,"column":21}},"line":20},"5":{"name":"(anonymous_5)","decl":{"start":{"line":33,"column":25},"end":{"line":33,"column":26}},"loc":{"start":{"line":33,"column":39},"end":{"line":60,"column":5}},"line":33},"6":{"name":"(anonymous_6)","decl":{"start":{"line":34,"column":61},"end":{"line":34,"column":62}},"loc":{"start":{"line":34,"column":76},"end":{"line":34,"column":95}},"line":34},"7":{"name":"(anonymous_7)","decl":{"start":{"line":49,"column":59},"end":{"line":49,"column":60}},"loc":{"start":{"line":50,"column":32},"end":{"line":52,"column":37}},"line":50}},"branchMap":{"0":{"loc":{"start":{"line":11,"column":12},"end":{"line":11,"column":38}},"type":"if","locations":[{"start":{"line":11,"column":12},"end":{"line":11,"column":38}},{"start":{},"end":{}}],"line":11},"1":{"loc":{"start":{"line":16,"column":16},"end":{"line":24,"column":17}},"type":"if","locations":[{"start":{"line":16,"column":16},"end":{"line":24,"column":17}},{"start":{},"end":{}}],"line":16},"2":{"loc":{"start":{"line":44,"column":38},"end":{"line":44,"column":118}},"type":"cond-expr","locations":[{"start":{"line":44,"column":69},"end":{"line":44,"column":102}},{"start":{"line":44,"column":105},"end":{"line":44,"column":118}}],"line":44}},"s":{"0":9,"1":9,"2":9,"3":6,"4":6,"5":1,"6":5,"7":5,"8":4,"9":4,"10":3,"11":4,"12":3,"13":3,"14":3,"15":4,"16":3,"17":1,"18":6,"19":9,"20":4,"21":5,"22":4,"23":5,"24":9},"f":{"0":9,"1":6,"2":6,"3":4,"4":4,"5":4,"6":5,"7":5},"b":{"0":[1,5],"1":[3,1],"2":[4,0]},"_coverageSchema":"1a1c01bbd47fc00a2c39e90264f33305004495a9","hash":"bcd1697018b6d6f8b170edf17a925da5e09bc4a7"}
,"C:\\Users\\Fedex\\OneDrive\\Escritorio\\Tesis\\TesisFront\\TesisFront\\src\\components\\cart\\Pedidos.jsx": {"path":"C:\\Users\\Fedex\\OneDrive\\Escritorio\\Tesis\\TesisFront\\TesisFront\\src\\components\\cart\\Pedidos.jsx","statementMap":{"0":{"start":{"line":7,"column":34},"end":{"line":7,"column":46}},"1":{"start":{"line":8,"column":34},"end":{"line":8,"column":46}},"2":{"start":{"line":9,"column":30},"end":{"line":9,"column":44}},"3":{"start":{"line":11,"column":27},"end":{"line":37,"column":10}},"4":{"start":{"line":12,"column":8},"end":{"line":36,"column":9}},"5":{"start":{"line":13,"column":25},"end":{"line":13,"column":67}},"6":{"start":{"line":16,"column":16},"end":{"line":20,"column":18}},"7":{"start":{"line":22,"column":12},"end":{"line":22,"column":29}},"8":{"start":{"line":24,"column":12},"end":{"line":32,"column":13}},"9":{"start":{"line":25,"column":39},"end":{"line":25,"column":105}},"10":{"start":{"line":25,"column":58},"end":{"line":25,"column":104}},"11":{"start":{"line":26,"column":38},"end":{"line":26,"column":71}},"12":{"start":{"line":27,"column":34},"end":{"line":27,"column":36}},"13":{"start":{"line":28,"column":16},"end":{"line":30,"column":19}},"14":{"start":{"line":29,"column":20},"end":{"line":29,"column":64}},"15":{"start":{"line":31,"column":16},"end":{"line":31,"column":38}},"16":{"start":{"line":34,"column":12},"end":{"line":34,"column":43}},"17":{"start":{"line":35,"column":12},"end":{"line":35,"column":66}},"18":{"start":{"line":39,"column":4},"end":{"line":43,"column":35}},"19":{"start":{"line":40,"column":8},"end":{"line":42,"column":9}},"20":{"start":{"line":41,"column":12},"end":{"line":41,"column":29}},"21":{"start":{"line":45,"column":4},"end":{"line":45,"column":48}},"22":{"start":{"line":45,"column":15},"end":{"line":45,"column":48}},"23":{"start":{"line":47,"column":26},"end":{"line":53,"column":5}},"24":{"start":{"line":48,"column":8},"end":{"line":48,"column":60}},"25":{"start":{"line":48,"column":51},"end":{"line":48,"column":60}},"26":{"start":{"line":50,"column":8},"end":{"line":52,"column":14}},"27":{"start":{"line":51,"column":12},"end":{"line":51,"column":51}},"28":{"start":{"line":55,"column":31},"end":{"line":67,"column":5}},"29":{"start":{"line":56,"column":8},"end":{"line":66,"column":11}},"30":{"start":{"line":57,"column":26},"end":{"line":57,"column":70}},"31":{"start":{"line":58,"column":12},"end":{"line":65,"column":14}},"32":{"start":{"line":69,"column":31},"end":{"line":69,"column":58}},"33":{"start":{"line":71,"column":4},"end":{"line":112,"column":6}},"34":{"start":{"line":80,"column":39},"end":{"line":80,"column":67}},"35":{"start":{"line":84,"column":39},"end":{"line":86,"column":22}},"36":{"start":{"line":85,"column":24},"end":{"line":85,"column":69}},"37":{"start":{"line":90,"column":39},"end":{"line":92,"column":22}},"38":{"start":{"line":91,"column":24},"end":{"line":91,"column":68}},"39":{"start":{"line":96,"column":39},"end":{"line":98,"column":22}},"40":{"start":{"line":97,"column":24},"end":{"line":97,"column":65}},"41":{"start":{"line":104,"column":24},"end":{"line":106,"column":25}},"42":{"start":{"line":105,"column":28},"end":{"line":105,"column":72}},"43":{"start":{"line":107,"column":24},"end":{"line":107,"column":61}}},"fnMap":{"0":{"name":"Pedidos","decl":{"start":{"line":6,"column":24},"end":{"line":6,"column":31}},"loc":{"start":{"line":6,"column":46},"end":{"line":113,"column":1}},"line":6},"1":{"name":"(anonymous_1)","decl":{"start":{"line":11,"column":39},"end":{"line":11,"column":40}},"loc":{"start":{"line":11,"column":51},"end":{"line":37,"column":5}},"line":11},"2":{"name":"(anonymous_2)","decl":{"start":{"line":25,"column":48},"end":{"line":25,"column":49}},"loc":{"start":{"line":25,"column":58},"end":{"line":25,"column":104}},"line":25},"3":{"name":"(anonymous_3)","decl":{"start":{"line":28,"column":29},"end":{"line":28,"column":30}},"loc":{"start":{"line":28,"column":48},"end":{"line":30,"column":17}},"line":28},"4":{"name":"(anonymous_4)","decl":{"start":{"line":39,"column":14},"end":{"line":39,"column":15}},"loc":{"start":{"line":39,"column":20},"end":{"line":43,"column":5}},"line":39},"5":{"name":"(anonymous_5)","decl":{"start":{"line":47,"column":26},"end":{"line":47,"column":27}},"loc":{"start":{"line":47,"column":40},"end":{"line":53,"column":5}},"line":47},"6":{"name":"(anonymous_6)","decl":{"start":{"line":50,"column":31},"end":{"line":50,"column":32}},"loc":{"start":{"line":50,"column":51},"end":{"line":52,"column":9}},"line":50},"7":{"name":"(anonymous_7)","decl":{"start":{"line":55,"column":31},"end":{"line":55,"column":32}},"loc":{"start":{"line":55,"column":44},"end":{"line":67,"column":5}},"line":55},"8":{"name":"(anonymous_8)","decl":{"start":{"line":56,"column":35},"end":{"line":56,"column":36}},"loc":{"start":{"line":56,"column":47},"end":{"line":66,"column":9}},"line":56},"9":{"name":"(anonymous_9)","decl":{"start":{"line":80,"column":26},"end":{"line":80,"column":27}},"loc":{"start":{"line":80,"column":39},"end":{"line":80,"column":67}},"line":80},"10":{"name":"(anonymous_10)","decl":{"start":{"line":84,"column":26},"end":{"line":84,"column":27}},"loc":{"start":{"line":84,"column":39},"end":{"line":86,"column":22}},"line":84},"11":{"name":"(anonymous_11)","decl":{"start":{"line":84,"column":60},"end":{"line":84,"column":61}},"loc":{"start":{"line":85,"column":24},"end":{"line":85,"column":69}},"line":85},"12":{"name":"(anonymous_12)","decl":{"start":{"line":90,"column":26},"end":{"line":90,"column":27}},"loc":{"start":{"line":90,"column":39},"end":{"line":92,"column":22}},"line":90},"13":{"name":"(anonymous_13)","decl":{"start":{"line":90,"column":60},"end":{"line":90,"column":61}},"loc":{"start":{"line":91,"column":24},"end":{"line":91,"column":68}},"line":91},"14":{"name":"(anonymous_14)","decl":{"start":{"line":96,"column":26},"end":{"line":96,"column":27}},"loc":{"start":{"line":96,"column":39},"end":{"line":98,"column":22}},"line":96},"15":{"name":"(anonymous_15)","decl":{"start":{"line":96,"column":60},"end":{"line":96,"column":61}},"loc":{"start":{"line":97,"column":24},"end":{"line":97,"column":65}},"line":97},"16":{"name":"(anonymous_16)","decl":{"start":{"line":103,"column":26},"end":{"line":103,"column":27}},"loc":{"start":{"line":103,"column":39},"end":{"line":108,"column":21}},"line":103}},"branchMap":{"0":{"loc":{"start":{"line":16,"column":16},"end":{"line":20,"column":18}},"type":"cond-expr","locations":[{"start":{"line":16,"column":38},"end":{"line":16,"column":42}},{"start":{"line":17,"column":16},"end":{"line":20,"column":18}}],"line":16},"1":{"loc":{"start":{"line":17,"column":16},"end":{"line":20,"column":18}},"type":"cond-expr","locations":[{"start":{"line":17,"column":44},"end":{"line":17,"column":53}},{"start":{"line":18,"column":16},"end":{"line":20,"column":18}}],"line":17},"2":{"loc":{"start":{"line":18,"column":16},"end":{"line":20,"column":18}},"type":"cond-expr","locations":[{"start":{"line":18,"column":47},"end":{"line":18,"column":59}},{"start":{"line":19,"column":16},"end":{"line":20,"column":18}}],"line":18},"3":{"loc":{"start":{"line":19,"column":16},"end":{"line":20,"column":18}},"type":"cond-expr","locations":[{"start":{"line":19,"column":45},"end":{"line":19,"column":55}},{"start":{"line":20,"column":16},"end":{"line":20,"column":18}}],"line":19},"4":{"loc":{"start":{"line":24,"column":12},"end":{"line":32,"column":13}},"type":"if","locations":[{"start":{"line":24,"column":12},"end":{"line":32,"column":13}},{"start":{},"end":{}}],"line":24},"5":{"loc":{"start":{"line":40,"column":8},"end":{"line":42,"column":9}},"type":"if","locations":[{"start":{"line":40,"column":8},"end":{"line":42,"column":9}},{"start":{},"end":{}}],"line":40},"6":{"loc":{"start":{"line":45,"column":4},"end":{"line":45,"column":48}},"type":"if","locations":[{"start":{"line":45,"column":4},"end":{"line":45,"column":48}},{"start":{},"end":{}}],"line":45},"7":{"loc":{"start":{"line":48,"column":8},"end":{"line":48,"column":60}},"type":"if","locations":[{"start":{"line":48,"column":8},"end":{"line":48,"column":60}},{"start":{},"end":{}}],"line":48},"8":{"loc":{"start":{"line":48,"column":12},"end":{"line":48,"column":49}},"type":"binary-expr","locations":[{"start":{"line":48,"column":12},"end":{"line":48,"column":21}},{"start":{"line":48,"column":25},"end":{"line":48,"column":49}}],"line":48},"9":{"loc":{"start":{"line":51,"column":28},"end":{"line":51,"column":49}},"type":"binary-expr","locations":[{"start":{"line":51,"column":28},"end":{"line":51,"column":44}},{"start":{"line":51,"column":48},"end":{"line":51,"column":49}}],"line":51},"10":{"loc":{"start":{"line":56,"column":16},"end":{"line":56,"column":29}},"type":"binary-expr","locations":[{"start":{"line":56,"column":16},"end":{"line":56,"column":23}},{"start":{"line":56,"column":27},"end":{"line":56,"column":29}}],"line":56},"11":{"loc":{"start":{"line":57,"column":40},"end":{"line":57,"column":69}},"type":"binary-expr","locations":[{"start":{"line":57,"column":40},"end":{"line":57,"column":63}},{"start":{"line":57,"column":67},"end":{"line":57,"column":69}}],"line":57},"12":{"loc":{"start":{"line":63,"column":26},"end":{"line":63,"column":55}},"type":"binary-expr","locations":[{"start":{"line":63,"column":26},"end":{"line":63,"column":49}},{"start":{"line":63,"column":53},"end":{"line":63,"column":55}}],"line":63},"13":{"loc":{"start":{"line":64,"column":24},"end":{"line":64,"column":59}},"type":"binary-expr","locations":[{"start":{"line":64,"column":24},"end":{"line":64,"column":42}},{"start":{"line":64,"column":46},"end":{"line":64,"column":59}}],"line":64},"14":{"loc":{"start":{"line":104,"column":24},"end":{"line":106,"column":25}},"type":"if","locations":[{"start":{"line":104,"column":24},"end":{"line":106,"column":25}},{"start":{},"end":{}}],"line":104},"15":{"loc":{"start":{"line":104,"column":28},"end":{"line":104,"column":105}},"type":"binary-expr","locations":[{"start":{"line":104,"column":28},"end":{"line":104,"column":42}},{"start":{"line":104,"column":46},"end":{"line":104,"column":80}},{"start":{"line":104,"column":84},"end":{"line":104,"column":105}}],"line":104}},"s":{"0":12,"1":12,"2":12,"3":12,"4":7,"5":7,"6":6,"7":6,"8":6,"9":2,"10":2,"11":2,"12":2,"13":2,"14":2,"15":2,"16":1,"17":1,"18":12,"19":7,"20":7,"21":12,"22":1,"23":11,"24":2,"25":0,"26":2,"27":4,"28":11,"29":11,"30":2,"31":2,"32":11,"33":11,"34":2,"35":2,"36":4,"37":2,"38":4,"39":2,"40":4,"41":2,"42":2,"43":0},"f":{"0":12,"1":7,"2":2,"3":2,"4":7,"5":2,"6":4,"7":11,"8":2,"9":2,"10":2,"11":4,"12":2,"13":4,"14":2,"15":4,"16":2},"b":{"0":[4,2],"1":[0,2],"2":[0,2],"3":[0,2],"4":[2,4],"5":[7,0],"6":[1,11],"7":[0,2],"8":[2,2],"9":[4,0],"10":[11,0],"11":[2,0],"12":[2,0],"13":[2,0],"14":[2,0],"15":[2,2,2]},"_coverageSchema":"1a1c01bbd47fc00a2c39e90264f33305004495a9","hash":"6006159b6b1e10f67ade3be79b38442417d69a55"}
,"C:\\Users\\Fedex\\OneDrive\\Escritorio\\Tesis\\TesisFront\\TesisFront\\src\\components\\cart\\UpdateStatus.jsx": {"path":"C:\\Users\\Fedex\\OneDrive\\Escritorio\\Tesis\\TesisFront\\TesisFront\\src\\components\\cart\\UpdateStatus.jsx","statementMap":{"0":{"start":{"line":8,"column":38},"end":{"line":8,"column":50}},"1":{"start":{"line":9,"column":36},"end":{"line":9,"column":48}},"2":{"start":{"line":11,"column":26},"end":{"line":16,"column":5}},"3":{"start":{"line":18,"column":4},"end":{"line":41,"column":26}},"4":{"start":{"line":19,"column":31},"end":{"line":38,"column":9}},"5":{"start":{"line":20,"column":12},"end":{"line":20,"column":38}},"6":{"start":{"line":20,"column":31},"end":{"line":20,"column":38}},"7":{"start":{"line":21,"column":12},"end":{"line":37,"column":13}},"8":{"start":{"line":22,"column":29},"end":{"line":22,"column":65}},"9":{"start":{"line":23,"column":16},"end":{"line":23,"column":35}},"10":{"start":{"line":24,"column":40},"end":{"line":24,"column":42}},"11":{"start":{"line":25,"column":16},"end":{"line":27,"column":19}},"12":{"start":{"line":26,"column":20},"end":{"line":26,"column":67}},"13":{"start":{"line":28,"column":16},"end":{"line":28,"column":45}},"14":{"start":{"line":30,"column":16},"end":{"line":30,"column":62}},"15":{"start":{"line":31,"column":16},"end":{"line":36,"column":19}},"16":{"start":{"line":40,"column":8},"end":{"line":40,"column":25}},"17":{"start":{"line":43,"column":31},"end":{"line":48,"column":5}},"18":{"start":{"line":44,"column":8},"end":{"line":47,"column":12}},"19":{"start":{"line":44,"column":29},"end":{"line":47,"column":9}},"20":{"start":{"line":50,"column":31},"end":{"line":73,"column":5}},"21":{"start":{"line":51,"column":26},"end":{"line":51,"column":46}},"22":{"start":{"line":52,"column":8},"end":{"line":72,"column":9}},"23":{"start":{"line":53,"column":12},"end":{"line":56,"column":15}},"24":{"start":{"line":57,"column":12},"end":{"line":62,"column":15}},"25":{"start":{"line":63,"column":12},"end":{"line":63,"column":103}},"26":{"start":{"line":63,"column":33},"end":{"line":63,"column":101}},"27":{"start":{"line":63,"column":47},"end":{"line":63,"column":100}},"28":{"start":{"line":65,"column":12},"end":{"line":65,"column":59}},"29":{"start":{"line":66,"column":12},"end":{"line":71,"column":15}},"30":{"start":{"line":75,"column":25},"end":{"line":117,"column":5}},"31":{"start":{"line":76,"column":28},"end":{"line":76,"column":99}},"32":{"start":{"line":76,"column":76},"end":{"line":76,"column":95}},"33":{"start":{"line":78,"column":8},"end":{"line":116,"column":10}},"34":{"start":{"line":91,"column":32},"end":{"line":93,"column":37}},"35":{"start":{"line":103,"column":49},"end":{"line":103,"column":89}},"36":{"start":{"line":110,"column":43},"end":{"line":110,"column":74}},"37":{"start":{"line":119,"column":4},"end":{"line":125,"column":6}}},"fnMap":{"0":{"name":"UpdateStatus","decl":{"start":{"line":7,"column":24},"end":{"line":7,"column":36}},"loc":{"start":{"line":7,"column":58},"end":{"line":126,"column":1}},"line":7},"1":{"name":"(anonymous_1)","decl":{"start":{"line":18,"column":14},"end":{"line":18,"column":15}},"loc":{"start":{"line":18,"column":20},"end":{"line":41,"column":5}},"line":18},"2":{"name":"(anonymous_2)","decl":{"start":{"line":19,"column":31},"end":{"line":19,"column":32}},"loc":{"start":{"line":19,"column":43},"end":{"line":38,"column":9}},"line":19},"3":{"name":"(anonymous_3)","decl":{"start":{"line":25,"column":29},"end":{"line":25,"column":30}},"loc":{"start":{"li
[...]
line":40,"column":28},"end":{"line":58,"column":9}},"18":{"start":{"line":41,"column":12},"end":{"line":57,"column":13}},"19":{"start":{"line":42,"column":29},"end":{"line":42,"column":58}},"20":{"start":{"line":44,"column":16},"end":{"line":54,"column":17}},"21":{"start":{"line":45,"column":37},"end":{"line":45,"column":55}},"22":{"start":{"line":46,"column":37},"end":{"line":46,"column":57}},"23":{"start":{"line":48,"column":46},"end":{"line":48,"column":48}},"24":{"start":{"line":49,"column":20},"end":{"line":51,"column":23}},"25":{"start":{"line":50,"column":24},"end":{"line":50,"column":56}},"26":{"start":{"line":52,"column":20},"end":{"line":52,"column":53}},"27":{"start":{"line":53,"column":20},"end":{"line":53,"column":48}},"28":{"start":{"line":56,"column":16},"end":{"line":56,"column":47}},"29":{"start":{"line":60,"column":22},"end":{"line":60,"column":58}},"30":{"start":{"line":61,"column":8},"end":{"line":65,"column":9}},"31":{"start":{"line":62,"column":12},"end":{"line":62,"column":62}},"32":{"start":{"line":63,"column":12},"end":{"line":63,"column":31}},"33":{"start":{"line":64,"column":12},"end":{"line":64,"column":19}},"34":{"start":{"line":66,"column":8},"end":{"line":66,"column":22}},"35":{"start":{"line":69,"column":33},"end":{"line":74,"column":5}},"36":{"start":{"line":70,"column":8},"end":{"line":73,"column":12}},"37":{"start":{"line":70,"column":31},"end":{"line":73,"column":9}},"38":{"start":{"line":76,"column":22},"end":{"line":114,"column":5}},"39":{"start":{"line":77,"column":8},"end":{"line":85,"column":9}},"40":{"start":{"line":78,"column":12},"end":{"line":83,"column":15}},"41":{"start":{"line":84,"column":12},"end":{"line":84,"column":19}},"42":{"start":{"line":88,"column":8},"end":{"line":113,"column":9}},"43":{"start":{"line":89,"column":29},"end":{"line":89,"column":53}},"44":{"start":{"line":90,"column":12},"end":{"line":96,"column":15}},"45":{"start":{"line":98,"column":12},"end":{"line":103,"column":15}},"46":{"start":{"line":106,"column":12},"end":{"line":106,"column":43}},"47":{"start":{"line":107,"column":12},"end":{"line":112,"column":15}},"48":{"start":{"line":116,"column":23},"end":{"line":119,"column":5}},"49":{"start":{"line":117,"column":8},"end":{"line":117,"column":32}},"50":{"start":{"line":118,"column":8},"end":{"line":118,"column":31}},"51":{"start":{"line":121,"column":29},"end":{"line":151,"column":5}},"52":{"start":{"line":122,"column":8},"end":{"line":150,"column":14}},"53":{"start":{"line":127,"column":20},"end":{"line":127,"column":40}},"54":{"start":{"line":128,"column":20},"end":{"line":128,"column":80}},"55":{"start":{"line":134,"column":38},"end":{"line":134,"column":72}},"56":{"start":{"line":145,"column":20},"end":{"line":145,"column":40}},"57":{"start":{"line":146,"column":20},"end":{"line":146,"column":81}},"58":{"start":{"line":153,"column":25},"end":{"line":192,"column":5}},"59":{"start":{"line":154,"column":8},"end":{"line":191,"column":15}},"60":{"start":{"line":160,"column":27},"end":{"line":160,"column":44}},"61":{"start":{"line":166,"column":32},"end":{"line":166,"column":80}},"62":{"start":{"line":183,"column":46},"end":{"line":183,"column":73}},"63":{"start":{"line":195,"column":30},"end":{"line":214,"column":5}},"64":{"start":{"line":216,"column":4},"end":{"line":242,"column":6}},"65":{"start":{"line":234,"column":30},"end":{"line":234,"column":53}}},"fnMap":{"0":{"name":"Home","decl":{"start":{"line":11,"column":9},"end":{"line":11,"column":13}},"loc":{"start":{"line":11,"column":28},"end":{"line":243,"column":1}},"line":11},"1":{"name":"(anonymous_1)","decl":{"start":{"line":28,"column":25},"end":{"line":28,"column":26}},"loc":{"start":{"line":28,"column":36},"end":{"line":37,"column":5}},"line":28},"2":{"name":"(anonymous_2)","decl":{"start":{"line":39,"column":14},"end":{"line":39,"column":15}},"loc":{"start":{"line":39,"column":20},"end":{"line":67,"column":5}},"line":39},"3":{"name":"(anonymous_3)","decl":{"start":{"line":40,"column":28},"end":{"line":40,"column":29}},"loc":{"start":{"line":40,"column":40},"end":{"line":58,"column":9}},"line":40},"4":{"name":"(anonymous_4)","decl":{"start":{"line":49,"column":37},"end":{"line":49,"column":38}},"loc":{"start":{"line":49,"column":46},"end":{"line":51,"column":21}},"line":49},"5":{"name":"(anonymous_5)","decl":{"start":{"line":69,"column":33},"end":{"line":69,"column":34}},"loc":{"start":{"line":69,"column":53},"end":{"line":74,"column":5}},"line":69},"6":{"name":"(anonymous_6)","decl":{"start":{"line":70,"column":22},"end":{"line":70,"column":23}},"loc":{"start":{"line":70,"column":31},"end":{"line":73,"column":9}},"line":70},"7":{"name":"(anonymous_7)","decl":{"start":{"line":76,"column":22},"end":{"line":76,"column":23}},"loc":{"start":{"line":76,"column":41},"end":{"line":114,"column":5}},"line":76},"8":{"name":"(anonymous_8)","decl":{"start":{"line":116,"column":23},"end":{"line":116,"column":24}},"loc":{"start":{"line":116,"column":34},"end":{"line":119,"column":5}},"line":116},"9":{"name":"(anonymous_9)","decl":{"start":{"line":121,"column":29},"end":{"line":121,"column":30}},"loc":{"start":{"line":122,"column":8},"end":{"line":150,"column":14}},"line":122},"10":{"name":"(anonymous_10)","decl":{"start":{"line":126,"column":25},"end":{"line":126,"column":26}},"loc":{"start":{"line":126,"column":32},"end":{"line":129,"column":17}},"line":126},"11":{"name":"(anonymous_11)","decl":{"start":{"line":134,"column":31},"end":{"line":134,"column":32}},"loc":{"start":{"line":134,"column":38},"end":{"line":134,"column":72}},"line":134},"12":{"name":"(anonymous_12)","decl":{"start":{"line":144,"column":25},"end":{"line":144,"column":26}},"loc":{"start":{"line":144,"column":32},"end":{"line":147,"column":17}},"line":144},"13":{"name":"(anonymous_13)","decl":{"start":{"line":153,"column":25},"end":{"line":153,"column":26}},"loc":{"start":{"line":154,"column":8},"end":{"line":191,"column":15}},"line":154},"14":{"name":"(anonymous_14)","decl":{"start":{"line":160,"column":21},"end":{"line":160,"column":22}},"loc":{"start":{"line":160,"column":27},"end":{"line":160,"column":44}},"line":160},"15":{"name":"(anonymous_15)","decl":{"start":{"line":166,"column":25},"end":{"line":166,"column":26}},"loc":{"start":{"line":166,"column":32},"end":{"line":166,"column":80}},"line":166},"16":{"name":"(anonymous_16)","decl":{"start":{"line":183,"column":41},"end":{"line":183,"column":42}},"loc":{"start":{"line":183,"column":46},"end":{"line":183,"column":73}},"line":183},"17":{"name":"(anonymous_17)","decl":{"start":{"line":234,"column":24},"end":{"line":234,"column":25}},"loc":{"start":{"line":234,"column":30},"end":{"line":234,"column":53}},"line":234}},"branchMap":{"0":{"loc":{"start":{"line":44,"column":16},"end":{"line":54,"column":17}},"type":"if","locations":[{"start":{"line":44,"column":16},"end":{"line":54,"column":17}},{"start":{},"end":{}}],"line":44},"1":{"loc":{"start":{"line":44,"column":20},"end":{"line":44,"column":43}},"type":"binary-expr","locations":[{"start":{"line":44,"column":20},"end":{"line":44,"column":24}},{"start":{"line":44,"column":28},"end":{"line":44,"column":43}}],"line":44},"2":{"loc":{"start":{"line":61,"column":8},"end":{"line":65,"column":9}},"type":"if","locations":[{"start":{"line":61,"column":8},"end":{"line":65,"column":9}},{"start":{},"end":{}}],"line":61},"3":{"loc":{"start":{"line":77,"column":8},"end":{"line":85,"column":9}},"type":"if","locations":[{"start":{"line":77,"column":8},"end":{"line":85,"column":9}},{"start":{},"end":{}}],"line":77},"4":{"loc":{"start":{"line":77,"column":12},"end":{"line":77,"column":37}},"type":"binary-expr","locations":[{"start":{"line":77,"column":12},"end":{"line":77,"column":21}},{"start":{"line":77,"column":25},"end":{"line":77,"column":37}}],"line":77},"5":{"loc":{"start":{"line":89,"column":29},"end":{"line":89,"column":53}},"type":"binary-expr","locations":[{"start":{"line":89,"column":29},"end":{"line":89,"column":48}},{"start":{"line":89,"column":52},"end":{"line":89,"column":53}}],"line":89},"6":{"loc":{"start":{"line":183,"column":25},"end":{"line":183,"column":100}},"type":"binary-expr","locations":[{"start":{"line":183,"column":25},"end":{"line":183,"column":81}},{"start":{"line":183,"column":85},"end":{"line":183,"column":100}}],"line":183},"7":{"loc":{"start":{"line":188,"column":48},"end":{"line":188,"column":73}},"type":"binary-expr","locations":[{"start":{"line":188,"column":48},"end":{"line":188,"column":68}},{"start":{"line":188,"column":72},"end":{"line":188,"column":73}}],"line":188}},"s":{"0":38,"1":38,"2":38,"3":38,"4":38,"5":38,"6":38,"7":38,"8":11,"9":11,"10":11,"11":11,"12":11,"13":11,"14":11,"15":11,"16":38,"17":12,"18":11,"19":11,"20":11,"21":11,"22":11,"23":11,"24":11,"25":22,"26":11,"27":11,"28":0,"29":12,"30":12,"31":1,"32":1,"33":1,"34":11,"35":38,"36":10,"37":10,"38":38,"39":1,"40":1,"41":1,"42":0,"43":0,"44":0,"45":0,"46":0,"47":0,"48":38,"49":5,"50":5,"51":38,"52":52,"53":0,"54":0,"55":0,"56":10,"57":10,"58":38,"59":52,"60":5,"61":1,"62":78,"63":38,"64":38,"65":0},"f":{"0":38,"1":11,"2":12,"3":11,"4":22,"5":10,"6":10,"7":1,"8":5,"9":52,"10":0,"11":0,"12":10,"13":52,"14":5,"15":1,"16":78,"17":0},"b":{"0":[11,0],"1":[11,11],"2":[1,11],"3":[1,0],"4":[1,1],"5":[0,0],"6":[52,0],"7":[52,0]},"_coverageSchema":"1a1c01bbd47fc00a2c39e90264f33305004495a9","hash":"29023363b9298378d9152cc1f584774b7ff147c3"}
,"C:\\Users\\Fedex\\OneDrive\\Escritorio\\Tesis\\TesisFront\\TesisFront\\src\\components\\home\\Layout.jsx": {"path":"C:\\Users\\Fedex\\OneDrive\\Escritorio\\Tesis\\TesisFront\\TesisFront\\src\\components\\home\\Layout.jsx","statementMap":{"0":{"start":{"line":8,"column":27},"end":{"line":8,"column":28}},"1":{"start":{"line":10,"column":4},"end":{"line":17,"column":6}}},"fnMap":{"0":{"name":"Layout","decl":{"start":{"line":6,"column":24},"end":{"line":6,"column":30}},"loc":{"start":{"line":6,"column":45},"end":{"line":18,"column":1}},"line":6}},"branchMap":{},"s":{"0":0,"1":0},"f":{"0":0},"b":{}}
,"C:\\Users\\Fedex\\OneDrive\\Escritorio\\Tesis\\TesisFront\\TesisFront\\src\\components\\home\\Navbar.jsx": {"path":"C:\\Users\\Fedex\\OneDrive\\Escritorio\\Tesis\\TesisFront\\TesisFront\\src\\components\\home\\Navbar.jsx","statementMap":{"0":{"start":{"line":10,"column":4},"end":{"line":63,"column":6}}},"fnMap":{"0":{"name":"Navbar","decl":{"start":{"line":8,"column":9},"end":{"line":8,"column":15}},"loc":{"start":{"line":8,"column":36},"end":{"line":64,"column":1}},"line":8}},"branchMap":{"0":{"loc":{"start":{"line":37,"column":21},"end":{"line":39,"column":21}},"type":"binary-expr","locations":[{"start":{"line":37,"column":21},"end":{"line":37,"column":39}},{"start":{"line":38,"column":24},"end":{"line":38,"column":75}}],"line":37}},"s":{"0":0},"f":{"0":0},"b":{"0":[0,0]}}
,"C:\\Users\\Fedex\\OneDrive\\Escritorio\\Tesis\\TesisFront\\TesisFront\\src\\components\\shared\\BookDialog.jsx": {"path":"C:\\Users\\Fedex\\OneDrive\\Escritorio\\Tesis\\TesisFront\\TesisFront\\src\\components\\shared\\BookDialog.jsx","statementMap":{"0":{"start":{"line":13,"column":4},"end":{"line":168,"column":6}},"1":{"start":{"line":97,"column":42},"end":{"line":97,"column":78}},"2":{"start":{"line":129,"column":47},"end":{"line":129,"column":126}},"3":{"start":{"line":149,"column":47},"end":{"line":149,"column":126}},"4":{"start":{"line":162,"column":43},"end":{"line":162,"column":70}}},"fnMap":{"0":{"name":"BookDialog","decl":{"start":{"line":4,"column":24},"end":{"line":4,"column":34}},"loc":{"start":{"line":12,"column":3},"end":{"line":169,"column":1}},"line":12},"1":{"name":"(anonymous_1)","decl":{"start":{"line":97,"column":37},"end":{"line":97,"column":38}},"loc":{"start":{"line":97,"column":42},"end":{"line":97,"column":78}},"line":97},"2":{"name":"(anonymous_2)","decl":{"start":{"line":129,"column":41},"end":{"line":129,"column":42}},"loc":{"start":{"line":129,"column":47},"end":{"line":129,"column":126}},"line":129},"3":{"name":"(anonymous_3)","decl":{"start":{"line":149,"column":41},"end":{"line":149,"column":42}},"loc":{"start":{"line":149,"column":47},"end":{"line":149,"column":126}},"line":149},"4":{"name":"(anonymous_4)","decl":{"start":{"line":162,"column":37},"end":{"line":162,"column":38}},"loc":{"start":{"line":162,"column":43},"end":{"line":162,"column":70}},"line":162}},"branchMap":{"0":{"loc":{"start":{"line":97,"column":21},"end":{"line":97,"column":114}},"type":"binary-expr","locations":[{"start":{"line":97,"column":21},"end":{"line":97,"column":86}},{"start":{"line":97,"column":90},"end":{"line":97,"column":114}}],"line":97},"1":{"loc":{"start":{"line":100,"column":17},"end":{"line":165,"column":17}},"type":"binary-expr","locations":[{"start":{"line":100,"column":17},"end":{"line":100,"column":30}},{"start":{"line":101,"column":20},"end":{"line":164,"column":26}}],"line":100},"2":{"loc":{"start":{"line":129,"column":87},"end":{"line":129,"column":120}},"type":"binary-expr","locations":[{"start":{"line":129,"column":87},"end":{"line":129,"column":115}},{"start":{"line":129,"column":119},"end":{"line":129,"column":120}}],"line":129},"3":{"loc":{"start":{"line":130,"column":43},"end":{"line":130,"column":76}},"type":"binary-expr","locations":[{"start":{"line":130,"column":43},"end":{"line":130,"column":71}},{"start":{"line":130,"column":75},"end":{"line":130,"column":76}}],"line":130},"4":{"loc":{"start":{"line":138,"column":33},"end":{"line":138,"column":66}},"type":"binary-expr","locations":[{"start":{"line":138,"column":33},"end":{"line":138,"column":61}},{"start":{"line":138,"column":65},"end":{"line":138,"column":66}}],"line":138},"5":{"loc":{"start":{"line":149,"column":87},"end":{"line":149,"column":120}},"type":"binary-expr","locations":[{"start":{"line":149,"column":87},"end":{"line":149,"column":115}},{"start":{"line":149,"column":119},"end":{"line":149,"column":120}}],"line":149}},"s":{"0":62,"1":266,"2":0,"3":0,"4":4},"f":{"0":62,"1":266,"2":0,"3":0,"4":4},"b":{"0":[62,51],"1":[62,11],"2":[0,0],"3":[11,0],"4":[11,0],"5":[0,0]},"_coverageSchema":"1a1c01bbd47fc00a2c39e90264f33305004495a9","hash":"bc4c9c1a24ed7e2ea819255e8984afa15c95870b"}
,"C:\\Users\\Fedex\\OneDrive\\Escritorio\\Tesis\\TesisFront\\TesisFront\\src\\lib\\api.js": {"path":"C:\\Users\\Fedex\\OneDrive\\Escritorio\\Tesis\\TesisFront\\TesisFront\\src\\lib\\api.js","statementMap":{"0":{"start":{"line":3,"column":2},"end":{"line":3,"column":53}},"1":{"start":{"line":7,"column":16},"end":{"line":7,"column":52}},"2":{"start":{"line":9,"column":18},"end":{"line":9,"column":52}},"3":{"start":{"line":10,"column":18},"end":{"line":10,"column":83}},"4":{"start":{"line":12,"column":2},"end":{"line":14,"column":3}},"5":{"start":{"line":13,"column":4},"end":{"line":13,"column":52}},"6":{"start":{"line":15,"column":2},"end":{"line":17,"column":3}},"7":{"start":{"line":16,"column":4},"end":{"line":16,"column":52}},"8":{"start":{"line":19,"column":15},"end":{"line":19,"column":67}},"9":{"start":{"line":21,"column":2},"end":{"line":33,"column":3}},"10":{"start":{"line":22,"column":20},"end":{"line":22,"column":37}},"11":{"start":{"line":24,"column":4},"end":{"line":28,"column":5}},"12":{"start":{"line":25,"column":6},"end":{"line":25,"column":35}},"13":{"start":{"line":27,"column":6},"end":{"line":27,"column":23}},"14":{"start":{"line":29,"column":16},"end":{"line":29,"column":61}},"15":{"start":{"line":30,"column":4},"end":{"line":30,"column":29}},"16":{"start":{"line":31,"column":4},"end":{"line":31,"column":22}},"17":{"start":{"line":32,"column":4},"end":{"line":32,"column":14}},"18":{"start":{"line":35,"column":13},"end":{"line":35,"column":51}},"19":{"start":{"line":36,"column":2},"end":{"line":38,"column":3}},"20":{"start":{"line":37,"column":4},"end":{"line":37,"column":29}},"21":{"start":{"line":39,"column":2},"end":{"line":39,"column":27}}},"fnMap":{"0":{"name":"buildUrl","decl":{"start":{"line":2,"column":9},"end":{"line":2,"column":17}},"loc":{"start":{"line":2,"column":24},"end":{"line":4,"column":1}},"line":2},"1":{"name":"apiFetch","decl":{"start":{"line":6,"column":22},"end":{"line":6,"column":30}},"loc":{"start":{"line":6,"column":51},"end":{"line":40,"column":1}},"line":6}},"branchMap":{"0":{"loc":{"start":{"line":3,"column":12},"end":{"line":3,"column":43}},"type":"cond-expr","locations":[{"start":{"line":3,"column":35},"end":{"line":3,"column":37}},{"start":{"line":3,"column":40},"end":{"line":3,"column":43}}],"line":3},"1":{"loc":{"start":{"line":6,"column":37},"end":{"line":6,"column":49}},"type":"default-arg","locations":[{"start":{"line":6,"column":47},"end":{"line":6,"column":49}}],"line":6},"2":{"loc":{"start":{"line":9,"column":30},"end":{"line":9,"column":51}},"type":"binary-expr","locations":[{"start":{"line":9,"column":30},"end":{"line":9,"column":45}},{"start":{"line":9,"column":49},"end":{"line":9,"column":51}}],"line":9},"3":{"loc":{"start":{"line":10,"column":18},"end":{"line":10,"column":83}},"type":"binary-expr","locations":[{"start":{"line":10,"column":18},"end":{"line":10,"column":44}},{"start":{"line":10,"column":48},"end":{"line":10,"column":83}}],"line":10},"4":{"loc":{"start":{"line":12,"column":2},"end":{"line":14,"column":3}},"type":"if","locations":[{"start":{"line":12,"column":2},"end":{"line":14,"column":3}},{"start":{},"end":{}}],"line":12},"5":{"loc":{"start":{"line":12,"column":6},"end":{"line":12,"column":45}},"type":"binary-expr","locations":[{"start":{"line":12,"column":6},"end":{"line":12,"column":13}},{"start":{"line":12,"column":17},"end":{"line":12,"column":45}}],"line":12},"6":{"loc":{"start":{"line":15,"column":2},"end":{"line":17,"column":3}},"type":"if","locations":[{"start":{"line":15,"column":2},"end":{"line":17,"column":3}},{"start":{},"end":{}}],"line":15},"7":{"loc":{"start":{"line":15,"column":6},"end":{"line":15,"column":44}},"type":"binary-expr","locations":[{"start":{"line":15,"column":6},"end":{"line":15,"column":11}},{"start":{"line":15,"column":15},"end":{"line":15,"column":44}}],"line":15},"8":{"loc":{"start":{"line":21,"column":2},"end":{"line":33,"column":3}},"type":"if","locations":[{"start":{"line":21,"column":2},"end":{"line":33,"column":3}},{"start":{},"end":{}}],"line":21},"9":{"loc":{"start":{"line":29,"column":26},"end":{"line":29,"column":60}},"type":"binary-expr","locations":[{"start":{"line":29,"column":26},"end":{"line":29,"column":41}},{"start":{"line":29,"column":45},"end":{"line":29,"column":60}}],"line":29},"10":{"loc":{"start":{"line":35,"column":13},"end":{"line":35,"column":51}},"type":"binary-expr","locations":[{"start":{"line":35,"column":13},"end":{"line":35,"column":45}},{"start":{"line":35,"column":49},"end":{"line":35,"column":51}}],"line":35},"11":{"loc":{"start":{"line":36,"column":2},"end":{"line":38,"column":3}},"type":"if","locations":[{"start":{"line":36,"column":2},"end":{"line":38,"column":3}},{"start":{},"end":{}}],"line":36}},"s":{"0":0,"1":0,"2":0,"3":0,"4":0,"5":0,"6":0,"7":0,"8":0,"9":0,"10":0,"11":0,"12":0,"13":0,"14":0,"15":0,"16":0,"17":0,"18":0,"19":0,"20":0,"21":0},"f":{"0":0,"1":0},"b":{"0":[0,0],"1":[0],"2":[0,0],"3":[0,0],"4":[0,0],"5":[0,0],"6":[0,0],"7":[0,0],"8":[0,0],"9":[0,0],"10":[0,0],"11":[0,0]}}
,"C:\\Users\\Fedex\\OneDrive\\Escritorio\\Tesis\\TesisFront\\TesisFront\\src\\lib\\jwt.js": {"path":"C:\\Users\\Fedex\\OneDrive\\Escritorio\\Tesis\\TesisFront\\TesisFront\\src\\lib\\jwt.js","statementMap":{"0":{"start":{"line":2,"column":2},"end":{"line":9,"column":3}},"1":{"start":{"line":3,"column":24},"end":{"line":3,"column":40}},"2":{"start":{"line":4,"column":19},"end":{"line":4,"column":125}},"3":{"start":{"line":5,"column":4},"end":{"line":5,"column":36}},"4":{"start":{"line":7,"column":4},"end":{"line":7,"column":49}},"5":{"start":{"line":8,"column":4},"end":{"line":8,"column":16}}},"fnMap":{"0":{"name":"decodeJwt","decl":{"start":{"line":1,"column":16},"end":{"line":1,"column":25}},"loc":{"start":{"line":1,"column":33},"end":{"line":10,"column":1}},"line":1}},"branchMap":{},"s":{"0":0,"1":0,"2":0,"3":0,"4":0,"5":0},"f":{"0":0},"b":{}}
}
