TN:
SF:src\App.jsx
FN:15,App
FN:16,(anonymous_1)
FN:20,(anonymous_2)
FN:25,(anonymous_3)
FN:31,(anonymous_4)
FN:43,(anonymous_5)
FN:51,(anonymous_6)
FNF:7
FNH:0
FNDA:0,App
FNDA:0,(anonymous_1)
FNDA:0,(anonymous_2)
FNDA:0,(anonymous_3)
FNDA:0,(anonymous_4)
FNDA:0,(anonymous_5)
FNDA:0,(anonymous_6)
DA:16,0
DA:17,0
DA:20,0
DA:21,0
DA:22,0
DA:25,0
DA:26,0
DA:29,0
DA:31,0
DA:32,0
DA:33,0
DA:34,0
DA:36,0
DA:37,0
DA:38,0
DA:39,0
DA:43,0
DA:44,0
DA:45,0
DA:46,0
DA:47,0
DA:48,0
DA:51,0
DA:52,0
DA:53,0
DA:54,0
DA:57,0
LF:27
LH:0
BRDA:22,0,0,0
BRDA:22,0,1,0
BRDA:39,1,0,0
BRDA:39,1,1,0
BRDA:51,2,0,0
BRDA:52,3,0,0
BRDA:52,3,1,0
BRDA:53,4,0,0
BRDA:53,4,1,0
BRDA:53,5,0,0
BRDA:53,5,1,0
BRDA:64,6,0,0
BRDA:64,6,1,0
BRDA:69,7,0,0
BRDA:69,7,1,0
BRDA:69,8,0,0
BRDA:69,8,1,0
BRF:17
BRH:0
end_of_record
TN:
SF:src\UserContext.js
FN:5,(anonymous_0)
FN:15,(anonymous_1)
FNF:2
FNH:0
FNDA:0,(anonymous_0)
FNDA:0,(anonymous_1)
DA:3,0
DA:5,0
DA:6,0
DA:8,0
DA:15,0
LF:5
LH:0
BRF:0
BRH:0
end_of_record
TN:
SF:src\index.js
FNF:0
FNH:0
DA:7,0
DA:8,0
DA:17,0
LF:3
LH:0
BRF:0
BRH:0
end_of_record
TN:
SF:src\reportWebVitals.js
FN:1,(anonymous_0)
FN:3,(anonymous_1)
FNF:2
FNH:0
FNDA:0,(anonymous_0)
FNDA:0,(anonymous_1)
DA:1,0
DA:2,0
DA:3,0
DA:4,0
DA:5,0
DA:6,0
DA:7,0
DA:8,0
LF:8
LH:0
BRDA:2,0,0,0
BRDA:2,0,1,0
BRDA:2,1,0,0
BRDA:2,1,1,0
BRF:4
BRH:0
end_of_record
TN:
SF:src\components\auth\Login.jsx
FN:13,Login
FN:19,(anonymous_1)
FN:128,(anonymous_2)
FN:139,(anonymous_3)
FNF:4
FNH:4
FNDA:76,Login
FNDA:14,(anonymous_1)
FNDA:16,(anonymous_2)
FNDA:16,(anonymous_3)
DA:14,76
DA:15,76
DA:16,76
DA:17,76
DA:19,76
DA:20,14
DA:21,14
DA:22,14
DA:23,14
DA:24,0
DA:30,0
DA:32,14
DA:33,0
DA:39,0
DA:41,14
DA:42,14
DA:46,10
DA:47,2
DA:53,2
DA:57,8
DA:58,8
DA:59,8
DA:60,8
DA:68,8
DA:69,8
DA:71,8
DA:72,8
DA:78,8
DA:79,8
DA:80,8
DA:82,4
DA:83,4
DA:84,4
DA:85,2
DA:91,2
DA:93,2
DA:104,76
DA:128,16
DA:139,16
LF:39
LH:35
BRDA:23,0,0,0
BRDA:23,0,1,14
BRDA:23,1,0,14
BRDA:23,1,1,14
BRDA:32,2,0,0
BRDA:32,2,1,14
BRDA:46,3,0,2
BRDA:46,3,1,8
BRDA:61,4,0,8
BRDA:61,4,1,0
BRDA:62,5,0,8
BRDA:62,5,1,0
BRDA:83,6,0,4
BRDA:83,6,1,0
BRDA:84,7,0,2
BRDA:84,7,1,2
BRDA:149,8,0,76
BRDA:149,8,1,46
BRF:18
BRH:13
end_of_record
TN:
SF:src\components\auth\Register.jsx
FN:10,Register
FN:23,(anonymous_1)
FN:25,(anonymous_2)
FN:31,(anonymous_3)
FNF:4
FNH:0
FNDA:0,Register
FNDA:0,(anonymous_1)
FNDA:0,(anonymous_2)
FNDA:0,(anonymous_3)
DA:11,0
DA:20,0
DA:21,0
DA:23,0
DA:24,0
DA:25,0
DA:31,0
DA:32,0
DA:34,0
DA:36,0
DA:37,0
DA:42,0
DA:46,0
DA:47,0
DA:48,0
DA:54,0
DA:56,0
DA:57,0
DA:63,0
DA:66,0
DA:67,0
DA:68,0
DA:74,0
DA:76,0
DA:77,0
DA:83,0
DA:86,0
DA:87,0
DA:93,0
DA:96,0
DA:97,0
DA:98,0
DA:104,0
DA:107,0
DA:117,0
DA:118,0
DA:126,0
DA:127,0
DA:133,0
DA:135,0
DA:136,0
DA:144,0
DA:145,0
DA:154,0
LF:44
LH:0
BRDA:36,0,0,0
BRDA:36,0,1,0
BRDA:36,1,0,0
BRDA:36,1,1,0
BRDA:36,1,2,0
BRDA:36,1,3,0
BRDA:36,1,4,0
BRDA:36,1,5,0
BRDA:36,1,6,0
BRDA:47,2,0,0
BRDA:47,2,1,0
BRDA:56,3,0,0
BRDA:56,3,1,0
BRDA:67,4,0,0
BRDA:67,4,1,0
BRDA:76,5,0,0
BRDA:76,5,1,0
BRDA:86,6,0,0
BRDA:86,6,1,0
BRDA:97,7,0,0
BRDA:97,7,1,0
BRDA:126,8,0,0
BRDA:126,8,1,0
BRDA:139,9,0,0
BRDA:139,9,1,0
BRF:25
BRH:0
end_of_record
TN:
SF:src\components\auth\Verify.jsx
FN:10,Verify
FN:18,(anonymous_1)
FN:25,(anonymous_2)
FN:70,(anonymous_3)
FN:100,(anonymous_4)
FN:113,(anonymous_5)
FN:123,(anonymous_6)
FN:143,(anonymous_7)
FNF:8
FNH:7
FNDA:47,Verify
FNDA:17,(anonymous_1)
FNDA:5,(anonymous_2)
FNDA:3,(anonymous_3)
FNDA:0,(anonymous_4)
FNDA:3,(anonymous_5)
FNDA:6,(anonymous_6)
FNDA:1,(anonymous_7)
DA:11,47
DA:12,47
DA:13,47
DA:14,47
DA:15,47
DA:16,47
DA:18,47
DA:19,17
DA:20,17
DA:21,15
DA:25,47
DA:26,5
DA:27,5
DA:28,5
DA:29,3
DA:35,3
DA:38,2
DA:39,0
DA:45,0
DA:48,2
DA:49,2
DA:53,1
DA:59,1
DA:61,1
DA:70,47
DA:71,3
DA:72,1
DA:78,1
DA:80,2
DA:81,2
DA:82,2
DA:86,1
DA:93,1
DA:100,2
DA:103,47
DA:113,3
DA:123,6
DA:143,1
LF:38
LH:36
BRDA:20,0,0,15
BRDA:20,0,1,2
BRDA:28,1,0,3
BRDA:28,1,1,2
BRDA:28,2,0,5
BRDA:28,2,1,4
BRDA:28,2,2,3
BRDA:38,3,0,0
BRDA:38,3,1,2
BRDA:71,4,0,1
BRDA:71,4,1,2
BRF:11
BRH:10
end_of_record
TN:
SF:src\components\book\Addproduct.jsx
FN:10,(anonymous_0)
FN:28,(anonymous_1)
FN:91,(anonymous_2)
FN:99,(anonymous_3)
FN:108,(anonymous_4)
FN:116,(anonymous_5)
FN:125,(anonymous_6)
FN:133,(anonymous_7)
FN:141,(anonymous_8)
FNF:9
FNH:8
FNDA:27,(anonymous_0)
FNDA:4,(anonymous_1)
FNDA:3,(anonymous_2)
FNDA:3,(anonymous_3)
FNDA:3,(anonymous_4)
FNDA:3,(anonymous_5)
FNDA:2,(anonymous_6)
FNDA:3,(anonymous_7)
FNDA:0,(anonymous_8)
DA:10,1
DA:11,27
DA:12,27
DA:13,27
DA:14,27
DA:15,27
DA:16,27
DA:17,27
DA:18,27
DA:20,27
DA:28,27
DA:29,4
DA:30,4
DA:36,4
DA:39,0
DA:49,0
DA:50,0
DA:55,0
DA:63,0
DA:64,0
DA:65,0
DA:66,0
DA:67,0
DA:68,0
DA:69,0
DA:70,0
DA:72,0
DA:73,0
DA:82,27
DA:91,3
DA:99,3
DA:108,3
DA:116,3
DA:125,2
DA:133,3
DA:141,0
LF:36
LH:21
BRDA:29,0,0,4
BRDA:29,0,1,0
BRDA:29,1,0,4
BRDA:29,1,1,2
BRDA:29,1,2,2
BRDA:29,1,3,2
BRDA:29,1,4,2
BRDA:29,1,5,2
BRDA:29,1,6,2
BRF:9
BRH:8
end_of_record
TN:
SF:src\components\book\Deleteproduct.jsx
FN:7,Deleteproduct
FN:10,(anonymous_1)
FN:11,(anonymous_2)
FN:28,(anonymous_3)
FN:39,(anonymous_4)
FN:51,(anonymous_5)
FN:57,(anonymous_6)
FNF:7
FNH:7
FNDA:16,Deleteproduct
FNDA:9,(anonymous_1)
FNDA:9,(anonymous_2)
FNDA:2,(anonymous_3)
FNDA:2,(anonymous_4)
FNDA:13,(anonymous_5)
FNDA:2,(anonymous_6)
DA:8,16
DA:10,16
DA:11,9
DA:12,9
DA:13,9
DA:14,7
DA:16,2
DA:17,2
DA:25,9
DA:28,16
DA:29,2
DA:30,2
DA:33,1
DA:39,2
DA:41,1
DA:42,1
DA:51,16
DA:52,13
DA:57,2
DA:62,16
LF:20
LH:20
BRF:0
BRH:0
end_of_record
TN:
SF:src\components\book\Producto.jsx
FN:7,Producto
FN:22,(anonymous_1)
FN:23,(anonymous_2)
FN:29,(anonymous_3)
FN:43,(anonymous_4)
FN:48,(anonymous_5)
FN:57,(anonymous_6)
FN:58,(anonymous_7)
FN:64,(anonymous_8)
FN:66,(anonymous_9)
FN:110,(anonymous_10)
FN:113,(anonymous_11)
FN:125,(anonymous_12)
FN:137,(anonymous_13)
FN:143,(anonymous_14)
FN:210,(anonymous_15)
FN:222,(anonymous_16)
FNF:17
FNH:13
FNDA:24,Producto
FNDA:10,(anonymous_1)
FNDA:10,(anonymous_2)
FNDA:9,(anonymous_3)
FNDA:5,(anonymous_4)
FNDA:15,(anonymous_5)
FNDA:0,(anonymous_6)
FNDA:0,(anonymous_7)
FNDA:3,(anonymous_8)
FNDA:3,(anonymous_9)
FNDA:15,(anonymous_10)
FNDA:16,(anonymous_11)
FNDA:15,(anonymous_12)
FNDA:5,(anonymous_13)
FNDA:0,(anonymous_14)
FNDA:16,(anonymous_15)
FNDA:0,(anonymous_16)
DA:8,24
DA:9,24
DA:10,24
DA:11,24
DA:12,24
DA:14,24
DA:22,24
DA:23,10
DA:24,10
DA:25,10
DA:27,9
DA:28,8
DA:29,8
DA:30,9
DA:32,8
DA:33,8
DA:36,1
DA:40,10
DA:43,24
DA:44,5
DA:45,5
DA:48,24
DA:49,15
DA:50,15
DA:51,15
DA:53,15
DA:54,15
DA:57,24
DA:58,0
DA:64,24
DA:65,3
DA:66,3
DA:68,3
DA:70,3
DA:71,3
DA:79,2
DA:80,1
DA:86,1
DA:88,1
DA:96,1
DA:97,1
DA:106,24
DA:111,15
DA:113,16
DA:126,15
DA:137,5
DA:143,0
DA:210,16
DA:222,0
LF:49
LH:46
BRDA:27,0,0,8
BRDA:27,0,1,1
BRDA:27,1,0,9
BRDA:27,1,1,9
BRDA:50,2,0,15
BRDA:50,2,1,0
BRDA:68,3,0,0
BRDA:68,3,1,3
BRDA:68,4,0,3
BRDA:68,4,1,3
BRDA:79,5,0,1
BRDA:79,5,1,1
BRDA:113,6,0,15
BRDA:113,6,1,0
BRDA:116,7,0,15
BRDA:116,7,1,1
BRDA:210,8,0,15
BRDA:210,8,1,0
BRF:18
BRH:14
end_of_record
TN:
SF:src\components\book\ProductoItem.jsx
FN:3,MenuItem
FN:12,(anonymous_1)
FNF:2
FNH:2
FNDA:4,MenuItem
FNDA:2,(anonymous_1)
DA:4,4
DA:12,2
LF:2
LH:2
BRF:0
BRH:0
end_of_record
TN:
SF:src\components\book\Updateproduct.jsx
FN:8,UpdateLibro
FN:29,(anonymous_1)
FN:30,(anonymous_2)
FN:48,(anonymous_3)
FN:49,(anonymous_4)
FN:64,(anonymous_5)
FN:69,(anonymous_6)
FN:111,(anonymous_7)
FN:112,(anonymous_8)
FN:125,(anonymous_9)
FN:134,(anonymous_10)
FN:143,(anonymous_11)
FN:152,(anonymous_12)
FN:161,(anonymous_13)
FN:171,(anonymous_14)
FN:180,(anonymous_15)
FNF:16
FNH:4
FNDA:8,UpdateLibro
FNDA:6,(anonymous_1)
FNDA:6,(anonymous_2)
FNDA:0,(anonymous_3)
FNDA:0,(anonymous_4)
FNDA:0,(anonymous_5)
FNDA:0,(anonymous_6)
FNDA:3,(anonymous_7)
FNDA:0,(anonymous_8)
FNDA:0,(anonymous_9)
FNDA:0,(anonymous_10)
FNDA:0,(anonymous_11)
FNDA:0,(anonymous_12)
FNDA:0,(anonymous_13)
FNDA:0,(anonymous_14)
FNDA:0,(anonymous_15)
DA:9,8
DA:10,8
DA:11,8
DA:21,8
DA:29,8
DA:30,6
DA:31,6
DA:32,6
DA:33,5
DA:35,1
DA:36,1
DA:44,6
DA:48,8
DA:49,0
DA:50,0
DA:51,0
DA:52,0
DA:64,8
DA:65,0
DA:66,0
DA:69,8
DA:70,0
DA:71,0
DA:77,0
DA:80,0
DA:81,0
DA:86,0
DA:92,0
DA:94,0
DA:95,0
DA:104,8
DA:111,3
DA:112,0
DA:125,0
DA:134,0
DA:143,0
DA:152,0
DA:161,0
DA:171,0
DA:180,0
LF:40
LH:17
BRDA:50,0,0,0
BRDA:50,0,1,0
BRDA:65,1,0,0
BRDA:65,1,1,0
BRDA:70,2,0,0
BRDA:70,2,1,0
BRDA:118,3,0,8
BRDA:118,3,1,0
BRF:8
BRH:1
end_of_record
TN:
SF:src\components\cart\Cart.jsx
FN:9,Cart
FN:14,(anonymous_1)
FN:35,(anonymous_2)
FN:41,(anonymous_3)
FN:67,(anonymous_4)
FN:105,(anonymous_5)
FN:113,(anonymous_6)
FN:120,(anonymous_7)
FN:136,(anonymous_8)
FNF:9
FNH:8
FNDA:20,Cart
FNDA:14,(anonymous_1)
FNDA:14,(anonymous_2)
FNDA:2,(anonymous_3)
FNDA:2,(anonymous_4)
FNDA:1,(anonymous_5)
FNDA:12,(anonymous_6)
FNDA:0,(anonymous_7)
FNDA:2,(anonymous_8)
DA:10,20
DA:11,20
DA:12,20
DA:14,20
DA:15,14
DA:16,14
DA:18,13
DA:19,7
DA:21,6
DA:25,1
DA:26,1
DA:35,20
DA:36,14
DA:37,13
DA:41,20
DA:42,2
DA:43,2
DA:47,1
DA:54,1
DA:57,1
DA:58,1
DA:67,20
DA:68,2
DA:69,2
DA:70,2
DA:74,1
DA:80,1
DA:82,1
DA:83,1
DA:92,20
DA:105,1
DA:114,12
DA:121,0
DA:122,0
DA:136,2
LF:35
LH:33
BRDA:18,0,0,7
BRDA:18,0,1,6
BRDA:18,1,0,13
BRDA:18,1,1,7
BRDA:36,2,0,13
BRDA:36,2,1,1
BRDA:82,3,0,1
BRDA:82,3,1,0
BRDA:97,4,0,14
BRDA:97,4,1,6
BRF:10
BRH:9
end_of_record
TN:
SF:src\components\cart\Pedido.jsx
FN:5,Pedido
FN:9,(anonymous_1)
FN:10,(anonymous_2)
FN:17,(anonymous_3)
FN:20,(anonymous_4)
FN:33,(anonymous_5)
FN:34,(anonymous_6)
FN:49,(anonymous_7)
FNF:8
FNH:8
FNDA:9,Pedido
FNDA:6,(anonymous_1)
FNDA:6,(anonymous_2)
FNDA:4,(anonymous_3)
FNDA:4,(anonymous_4)
FNDA:4,(anonymous_5)
FNDA:5,(anonymous_6)
FNDA:5,(anonymous_7)
DA:6,9
DA:7,9
DA:9,9
DA:10,6
DA:11,6
DA:12,5
DA:13,5
DA:14,4
DA:16,4
DA:17,4
DA:18,3
DA:19,3
DA:20,3
DA:21,4
DA:23,3
DA:26,1
DA:30,6
DA:33,9
DA:34,5
DA:36,4
DA:50,5
DA:62,9
LF:22
LH:22
BRDA:11,0,0,1
BRDA:11,0,1,5
BRDA:16,1,0,3
BRDA:16,1,1,1
BRDA:44,2,0,4
BRDA:44,2,1,0
BRF:6
BRH:5
end_of_record
TN:
SF:src\components\cart\Pedidos.jsx
FN:6,Pedidos
FN:11,(anonymous_1)
FN:25,(anonymous_2)
FN:28,(anonymous_3)
FN:39,(anonymous_4)
FN:47,(anonymous_5)
FN:50,(anonymous_6)
FN:55,(anonymous_7)
FN:56,(anonymous_8)
FN:80,(anonymous_9)
FN:84,(anonymous_10)
FN:84,(anonymous_11)
FN:90,(anonymous_12)
FN:90,(anonymous_13)
FN:96,(anonymous_14)
FN:96,(anonymous_15)
FN:103,(anonymous_16)
FNF:17
FNH:17
FNDA:12,Pedidos
FNDA:7,(anonymous_1)
FNDA:2,(anonymous_2)
FNDA:2,(anonymous_3)
FNDA:7,(anonymous_4)
FNDA:2,(anonymous_5)
FNDA:4,(anonymous_6)
FNDA:11,(anonymous_7)
FNDA:2,(anonymous_8)
FNDA:2,(anonymous_9)
FNDA:2,(anonymous_10)
FNDA:4,(anonymous_11)
FNDA:2,(anonymous_12)
FNDA:4,(anonymous_13)
FNDA:2,(anonymous_14)
FNDA:4,(anonymous_15)
FNDA:2,(anonymous_16)
DA:7,12
DA:8,12
DA:9,12
DA:11,12
DA:12,7
DA:13,7
DA:16,6
DA:22,6
DA:24,6
DA:25,2
DA:26,2
DA:27,2
DA:28,2
DA:29,2
DA:31,2
DA:34,1
DA:35,1
DA:39,12
DA:40,7
DA:41,7
DA:45,12
DA:47,11
DA:48,2
DA:50,2
DA:51,4
DA:55,11
DA:56,11
DA:57,2
DA:58,2
DA:69,11
DA:71,11
DA:80,2
DA:84,2
DA:85,4
DA:90,2
DA:91,4
DA:96,2
DA:97,4
DA:104,2
DA:105,2
DA:107,0
LF:41
LH:40
BRDA:16,0,0,4
BRDA:16,0,1,2
BRDA:17,1,0,0
BRDA:17,1,1,2
BRDA:18,2,0,0
BRDA:18,2,1,2
BRDA:19,3,0,0
BRDA:19,3,1,2
BRDA:24,4,0,2
BRDA:24,4,1,4
BRDA:40,5,0,7
BRDA:40,5,1,0
BRDA:45,6,0,1
BRDA:45,6,1,11
BRDA:48,7,0,0
BRDA:48,7,1,2
BRDA:48,8,0,2
BRDA:48,8,1,2
BRDA:51,9,0,4
BRDA:51,9,1,0
BRDA:56,10,0,11
BRDA:56,10,1,0
BRDA:57,11,0,2
BRDA:57,11,1,0
BRDA:63,12,0,2
BRDA:63,12,1,0
BRDA:64,13,0,2
BRDA:64,13,1,0
BRDA:104,14,0,2
BRDA:104,14,1,0
BRDA:104,15,0,2
BRDA:104,15,1,2
BRDA:104,15,2,2
BRF:33
BRH:22
end_of_record
TN:
SF:src\components\cart\UpdateStatus.jsx
FN:7,UpdateStatus
FN:18,(anonymous_1)
FN:19,(anonymous_2)
FN:25,(anonymous_3)
FN:43,(anonymous_4)
FN:44,(anonymous_5)
FN:50,(anonymous_6)
FN:63,(anonymous_7)
FN:63,(anonymous_8)
FN:75,(anonymous_9)
FN:76,(anonymous_10)
FN:90,(anonymous_11)
FN:103,(anonymous_12)
FN:110,(anonymous_13)
FNF:14
FNH:7
FNDA:14,UpdateStatus
FNDA:9,(anonymous_1)
FNDA:9,(anonymous_2)
FNDA:12,(anonymous_3)
FNDA:0,(anonymous_4)
FNDA:0,(anonymous_5)
FNDA:0,(anonymous_6)
FNDA:0,(anonymous_7)
FNDA:0,(anonymous_8)
FNDA:10,(anonymous_9)
FNDA:15,(anonymous_10)
FNDA:15,(anonymous_11)
FNDA:0,(anonymous_12)
FNDA:0,(anonymous_13)
DA:8,14
DA:9,14
DA:11,14
DA:18,14
DA:19,9
DA:20,9
DA:21,8
DA:22,8
DA:23,7
DA:24,7
DA:25,7
DA:26,12
DA:28,7
DA:30,1
DA:31,1
DA:40,9
DA:43,14
DA:44,0
DA:50,14
DA:51,0
DA:52,0
DA:53,0
DA:57,0
DA:63,0
DA:65,0
DA:66,0
DA:75,14
DA:76,15
DA:78,10
DA:91,15
DA:103,0
DA:110,0
DA:119,14
LF:33
LH:23
BRDA:20,0,0,1
BRDA:20,0,1,8
BRDA:63,1,0,0
BRDA:63,1,1,0
BRF:4
BRH:2
end_of_record
TN:
SF:src\components\home\Home.jsx
FN:11,Home
FN:28,(anonymous_1)
FN:39,(anonymous_2)
FN:40,(anonymous_3)
FN:49,(anonymous_4)
FN:69,(anonymous_5)
FN:70,(anonymous_6)
FN:76,(anonymous_7)
FN:116,(anonymous_8)
FN:121,(anonymous_9)
FN:126,(anonymous_10)
FN:134,(anonymous_11)
FN:144,(anonymous_12)
FN:153,(anonymous_13)
FN:160,(anonymous_14)
FN:166,(anonymous_15)
FN:183,(anonymous_16)
FN:234,(anonymous_17)
FNF:18
FNH:15
FNDA:38,Home
FNDA:11,(anonymous_1)
FNDA:12,(anonymous_2)
FNDA:11,(anonymous_3)
FNDA:22,(anonymous_4)
FNDA:10,(anonymous_5)
FNDA:10,(anonymous_6)
FNDA:1,(anonymous_7)
FNDA:5,(anonymous_8)
FNDA:52,(anonymous_9)
FNDA:0,(anonymous_10)
FNDA:0,(anonymous_11)
FNDA:10,(anonymous_12)
FNDA:52,(anonymous_13)
FNDA:5,(anonymous_14)
FNDA:1,(anonymous_15)
FNDA:78,(anonymous_16)
FNDA:0,(anonymous_17)
DA:12,38
DA:13,38
DA:14,38
DA:15,38
DA:16,38
DA:17,38
DA:19,38
DA:28,38
DA:29,11
DA:30,11
DA:31,11
DA:32,11
DA:33,11
DA:34,11
DA:36,11
DA:39,38
DA:40,12
DA:41,11
DA:42,11
DA:44,11
DA:45,11
DA:46,11
DA:48,11
DA:49,11
DA:50,22
DA:52,11
DA:53,11
DA:56,0
DA:60,12
DA:61,12
DA:62,1
DA:63,1
DA:64,1
DA:66,11
DA:69,38
DA:70,10
DA:76,38
DA:77,1
DA:78,1
DA:84,1
DA:88,0
DA:89,0
DA:90,0
DA:98,0
DA:106,0
DA:107,0
DA:116,38
DA:117,5
DA:118,5
DA:121,38
DA:122,52
DA:127,0
DA:128,0
DA:134,0
DA:145,10
DA:146,10
DA:153,38
DA:154,52
DA:160,5
DA:166,1
DA:183,78
DA:195,38
DA:216,38
DA:234,0
LF:64
LH:53
BRDA:44,0,0,11
BRDA:44,0,1,0
BRDA:44,1,0,11
BRDA:44,1,1,11
BRDA:61,2,0,1
BRDA:61,2,1,11
BRDA:77,3,0,1
BRDA:77,3,1,0
BRDA:77,4,0,1
BRDA:77,4,1,1
BRDA:89,5,0,0
BRDA:89,5,1,0
BRDA:183,6,0,52
BRDA:183,6,1,0
BRDA:188,7,0,52
BRDA:188,7,1,0
BRF:16
BRH:10
end_of_record
TN:
SF:src\components\home\Layout.jsx
FN:6,Layout
FNF:1
FNH:0
FNDA:0,Layout
DA:8,0
DA:10,0
LF:2
LH:0
BRF:0
BRH:0
end_of_record
TN:
SF:src\components\home\Navbar.jsx
FN:8,Navbar
FNF:1
FNH:0
FNDA:0,Navbar
DA:10,0
LF:1
LH:0
BRDA:37,0,0,0
BRDA:37,0,1,0
BRF:2
BRH:0
end_of_record
TN:
SF:src\components\shared\BookDialog.jsx
FN:4,BookDialog
FN:97,(anonymous_1)
FN:129,(anonymous_2)
FN:149,(anonymous_3)
FN:162,(anonymous_4)
FNF:5
FNH:3
FNDA:62,BookDialog
FNDA:266,(anonymous_1)
FNDA:0,(anonymous_2)
FNDA:0,(anonymous_3)
FNDA:4,(anonymous_4)
DA:13,62
DA:97,266
DA:129,0
DA:149,0
DA:162,4
LF:5
LH:3
BRDA:97,0,0,62
BRDA:97,0,1,51
BRDA:100,1,0,62
BRDA:100,1,1,11
BRDA:129,2,0,0
BRDA:129,2,1,0
BRDA:130,3,0,11
BRDA:130,3,1,0
BRDA:138,4,0,11
BRDA:138,4,1,0
BRDA:149,5,0,0
BRDA:149,5,1,0
BRF:12
BRH:6
end_of_record
TN:
SF:src\lib\api.js
FN:2,buildUrl
FN:6,apiFetch
FNF:2
FNH:0
FNDA:0,buildUrl
FNDA:0,apiFetch
DA:3,0
DA:7,0
DA:9,0
DA:10,0
DA:12,0
DA:13,0
DA:15,0
DA:16,0
DA:19,0
DA:21,0
DA:22,0
DA:24,0
DA:25,0
DA:27,0
DA:29,0
DA:30,0
DA:31,0
DA:32,0
DA:35,0
DA:36,0
DA:37,0
DA:39,0
LF:22
LH:0
BRDA:3,0,0,0
BRDA:3,0,1,0
BRDA:6,1,0,0
BRDA:9,2,0,0
BRDA:9,2,1,0
BRDA:10,3,0,0
BRDA:10,3,1,0
BRDA:12,4,0,0
BRDA:12,4,1,0
BRDA:12,5,0,0
BRDA:12,5,1,0
BRDA:15,6,0,0
BRDA:15,6,1,0
BRDA:15,7,0,0
BRDA:15,7,1,0
BRDA:21,8,0,0
BRDA:21,8,1,0
BRDA:29,9,0,0
BRDA:29,9,1,0
BRDA:35,10,0,0
BRDA:35,10,1,0
BRDA:36,11,0,0
BRDA:36,11,1,0
BRF:23
BRH:0
end_of_record
TN:
SF:src\lib\jwt.js
FN:1,decodeJwt
FNF:1
FNH:0
FNDA:0,decodeJwt
DA:2,0
DA:3,0
DA:4,0
DA:5,0
DA:7,0
DA:8,0
LF:6
LH:0
BRF:0
BRH:0
end_of_record
